#
# There is insufficient memory for the Java Runtime Environment to continue.
# Native memory allocation (mmap) failed to map 402653184 bytes. Error detail: G1 virtual space
# Possible reasons:
#   The system is out of physical RAM or swap space
#   This process is running with CompressedOops enabled, and the Java Heap may be blocking the growth of the native heap
# Possible solutions:
#   Reduce memory load on the system
#   Increase physical memory or swap space
#   Check if swap backing store is full
#   Decrease Java heap size (-Xmx/-Xms)
#   Decrease number of Java threads
#   Decrease Java thread stack sizes (-Xss)
#   Set larger code cache with -XX:ReservedCodeCacheSize=
#   JVM is running with Unscaled Compressed Oops mode in which the Java heap is
#     placed in the first 4GB address space. The Java Heap base address is the
#     maximum limit for the native heap growth. Please use -XX:HeapBaseMinAddress
#     to set the Java Heap base and to place the Java Heap above 4GB virtual address.
# This output file may be truncated or incomplete.
#
#  Out of Memory Error (os_windows.cpp:3631), pid=35088, tid=9788
#
# JRE version: Java(TM) SE Runtime Environment (22.0.2+9) (build 22.0.2+9-70)
# Java VM: Java HotSpot(TM) 64-Bit Server VM (22.0.2+9-70, mixed mode, sharing, tiered, compressed oops, compressed class ptrs, g1 gc, windows-amd64)
# No core dump will be written. Minidumps are not enabled by default on client versions of Windows
#

---------------  S U M M A R Y ------------

Command Line: --add-opens=java.base/java.lang=ALL-UNNAMED --add-opens=java.base/java.lang.invoke=ALL-UNNAMED --add-opens=java.base/java.util=ALL-UNNAMED --add-opens=java.prefs/java.util.prefs=ALL-UNNAMED --add-exports=jdk.compiler/com.sun.tools.javac.api=ALL-UNNAMED --add-exports=jdk.compiler/com.sun.tools.javac.util=ALL-UNNAMED --add-opens=java.base/java.util=ALL-UNNAMED --add-opens=java.prefs/java.util.prefs=ALL-UNNAMED --add-opens=java.base/java.nio.charset=ALL-UNNAMED --add-opens=java.base/java.net=ALL-UNNAMED --add-opens=java.base/java.util.concurrent.atomic=ALL-UNNAMED --add-opens=java.xml/javax.xml.namespace=ALL-UNNAMED -XX:+HeapDumpOnOutOfMemoryError --add-exports=jdk.compiler/com.sun.tools.javac.api=ALL-UNNAMED --add-exports=jdk.compiler/com.sun.tools.javac.file=ALL-UNNAMED --add-exports=jdk.compiler/com.sun.tools.javac.parser=ALL-UNNAMED --add-exports=jdk.compiler/com.sun.tools.javac.tree=ALL-UNNAMED --add-exports=jdk.compiler/com.sun.tools.javac.util=ALL-UNNAMED -Xmx2048m -Dfile.encoding=UTF-8A -Duser.country=MX -Duser.language=es -Duser.variant -javaagent:C:\Users\alber\.gradle\wrapper\dists\gradle-8.13-bin\5xuhj0ry160q40clulazy9h7d\gradle-8.13\lib\agents\gradle-instrumentation-agent-8.13.jar org.gradle.launcher.daemon.bootstrap.GradleDaemon 8.13

Host: 11th Gen Intel(R) Core(TM) i7-1165G7 @ 2.80GHz, 8 cores, 7G,  Windows 11 , 64 bit Build 26100 (10.0.26100.7920)
Time: Mon Apr 13 19:15:54 2026 Hora estándar central (México) elapsed time: 41.421858 seconds (0d 0h 0m 41s)

---------------  T H R E A D  ---------------

Current thread (0x00000224e6d95f80):  VMThread "VM Thread"          [id=9788, stack(0x00000056d1900000,0x00000056d1a00000) (1024K)]

Stack: [0x00000056d1900000,0x00000056d1a00000]
Native frames: (J=compiled Java code, j=interpreted, Vv=VM code, C=native code)
V  [jvm.dll+0x6e26e9]  (no source info available)
V  [jvm.dll+0x875753]  (no source info available)
V  [jvm.dll+0x877b7e]  (no source info available)
V  [jvm.dll+0x878253]  (no source info available)
V  [jvm.dll+0x27fc86]  (no source info available)
V  [jvm.dll+0x6ded85]  (no source info available)
V  [jvm.dll+0x6d388a]  (no source info available)
V  [jvm.dll+0x358b8a]  (no source info available)
V  [jvm.dll+0x3610b6]  (no source info available)
V  [jvm.dll+0x3b419e]  (no source info available)
V  [jvm.dll+0x3b4448]  (no source info available)
V  [jvm.dll+0x32c5ec]  (no source info available)
V  [jvm.dll+0x32c677]  (no source info available)
V  [jvm.dll+0x37244c]  (no source info available)
V  [jvm.dll+0x370b46]  (no source info available)
V  [jvm.dll+0x32bcd7]  (no source info available)
V  [jvm.dll+0x370304]  (no source info available)
V  [jvm.dll+0x87e0f0]  (no source info available)
V  [jvm.dll+0x87f477]  (no source info available)
V  [jvm.dll+0x87f9f0]  (no source info available)
V  [jvm.dll+0x87fc93]  (no source info available)
V  [jvm.dll+0x81dc0b]  (no source info available)
V  [jvm.dll+0x6e0d85]  (no source info available)
C  [ucrtbase.dll+0x37b0]  (no source info available)
C  [KERNEL32.DLL+0x2e8d7]  (no source info available)
C  [ntdll.dll+0x8c48c]  (no source info available)

VM_Operation (0x00000056d5af93b0): G1CollectForAllocation, mode: safepoint, requested by thread 0x00000224e8723da0


---------------  P R O C E S S  ---------------

Threads class SMR info:
_java_thread_list=0x00000224c70fb4e0, length=65, elements={
0x00000224c8875540, 0x00000224e6db5480, 0x00000224e6db5ee0, 0x00000224e6db8a80,
0x00000224e6db9950, 0x00000224e6dba3b0, 0x00000224e6dbae10, 0x00000224e6dbbee0,
0x00000224c51430a0, 0x00000224e6d7ff70, 0x00000224c53de460, 0x00000224c549dec0,
0x00000224c51f4c70, 0x00000224c6c790b0, 0x00000224c6ea79b0, 0x00000224c6ea83f0,
0x00000224c6d6b6a0, 0x00000224c6d9f830, 0x00000224c6d9f1a0, 0x00000224c6d9e480,
0x00000224c6d9fec0, 0x00000224c6da0550, 0x00000224c6da0be0, 0x00000224c6da1270,
0x00000224c6d9eb10, 0x00000224ea09f250, 0x00000224ea09d180, 0x00000224ea09dea0,
0x00000224ea09f8e0, 0x00000224ea09e530, 0x00000224ea09ff70, 0x00000224ea0a0c90,
0x00000224ea09d810, 0x00000224ea0a26d0, 0x00000224ea0a3a80, 0x00000224ea0a2d60,
0x00000224ea0a33f0, 0x00000224ea0a4110, 0x00000224ea0a1320, 0x00000224ea0a2040,
0x00000224e9001600, 0x00000224e8ffeea0, 0x00000224e8fff530, 0x00000224e90029b0,
0x00000224e9003040, 0x00000224e8fffbc0, 0x00000224e90036d0, 0x00000224e9000250,
0x00000224e9003d60, 0x00000224e9005e30, 0x00000224e90043f0, 0x00000224e90057a0,
0x00000224e9004a80, 0x00000224e9005110, 0x00000224e90064c0, 0x00000224ea09caf0,
0x00000224e8723da0, 0x00000224e8725150, 0x00000224e8723710, 0x00000224e87257e0,
0x00000224e8725e70, 0x00000224ea30e170, 0x00000224ea30c730, 0x00000224c7b8cf30,
0x00000224c7b8c860
}

Java Threads: ( => current thread )
  0x00000224c8875540 JavaThread "main"                              [_thread_blocked, id=31332, stack(0x00000056d1200000,0x00000056d1300000) (1024K)]
  0x00000224e6db5480 JavaThread "Reference Handler"          daemon [_thread_blocked, id=30196, stack(0x00000056d1a00000,0x00000056d1b00000) (1024K)]
  0x00000224e6db5ee0 JavaThread "Finalizer"                  daemon [_thread_blocked, id=27372, stack(0x00000056d1b00000,0x00000056d1c00000) (1024K)]
  0x00000224e6db8a80 JavaThread "Signal Dispatcher"          daemon [_thread_blocked, id=19460, stack(0x00000056d1c00000,0x00000056d1d00000) (1024K)]
  0x00000224e6db9950 JavaThread "Attach Listener"            daemon [_thread_blocked, id=31180, stack(0x00000056d1d00000,0x00000056d1e00000) (1024K)]
  0x00000224e6dba3b0 JavaThread "Service Thread"             daemon [_thread_blocked, id=21140, stack(0x00000056d1e00000,0x00000056d1f00000) (1024K)]
  0x00000224e6dbae10 JavaThread "Monitor Deflation Thread"   daemon [_thread_blocked, id=34184, stack(0x00000056d1f00000,0x00000056d2000000) (1024K)]
  0x00000224e6dbbee0 JavaThread "C2 CompilerThread0"         daemon [_thread_blocked, id=20148, stack(0x00000056d2000000,0x00000056d2100000) (1024K)]
  0x00000224c51430a0 JavaThread "C1 CompilerThread0"         daemon [_thread_blocked, id=14056, stack(0x00000056d2100000,0x00000056d2200000) (1024K)]
  0x00000224e6d7ff70 JavaThread "Common-Cleaner"             daemon [_thread_blocked, id=32620, stack(0x00000056d2200000,0x00000056d2300000) (1024K)]
  0x00000224c53de460 JavaThread "Notification Thread"        daemon [_thread_blocked, id=8444, stack(0x00000056d2300000,0x00000056d2400000) (1024K)]
  0x00000224c549dec0 JavaThread "Daemon health stats"               [_thread_blocked, id=19164, stack(0x00000056d2c00000,0x00000056d2d00000) (1024K)]
  0x00000224c51f4c70 JavaThread "Incoming local TCP Connector on port 58746"        [_thread_in_native, id=8004, stack(0x00000056d2800000,0x00000056d2900000) (1024K)]
  0x00000224c6c790b0 JavaThread "Daemon periodic checks"            [_thread_blocked, id=31532, stack(0x00000056d2d00000,0x00000056d2e00000) (1024K)]
  0x00000224c6ea79b0 JavaThread "Daemon"                            [_thread_blocked, id=30180, stack(0x00000056d2e00000,0x00000056d2f00000) (1024K)]
  0x00000224c6ea83f0 JavaThread "Handler for socket connection from /127.0.0.1:58746 to /127.0.0.1:58747"        [_thread_in_native, id=21592, stack(0x00000056d2f00000,0x00000056d3000000) (1024K)]
  0x00000224c6d6b6a0 JavaThread "Cancel handler"                    [_thread_blocked, id=11268, stack(0x00000056d3000000,0x00000056d3100000) (1024K)]
  0x00000224c6d9f830 JavaThread "Daemon worker"                     [_thread_blocked, id=18800, stack(0x00000056d3100000,0x00000056d3200000) (1024K)]
  0x00000224c6d9f1a0 JavaThread "Asynchronous log dispatcher for DefaultDaemonConnection: socket connection from /127.0.0.1:58746 to /127.0.0.1:58747"        [_thread_blocked, id=3056, stack(0x00000056d3300000,0x00000056d3400000) (1024K)]
  0x00000224c6d9e480 JavaThread "Stdin handler"                     [_thread_blocked, id=26456, stack(0x00000056d3400000,0x00000056d3500000) (1024K)]
  0x00000224c6d9fec0 JavaThread "Daemon client event forwarder"        [_thread_blocked, id=27956, stack(0x00000056d3500000,0x00000056d3600000) (1024K)]
  0x00000224c6da0550 JavaThread "Cache worker for journal cache (C:\Users\alber\.gradle\caches\journal-1)"        [_thread_blocked, id=22208, stack(0x00000056d3200000,0x00000056d3300000) (1024K)]
  0x00000224c6da0be0 JavaThread "File lock request listener"        [_thread_in_native, id=25856, stack(0x00000056d3600000,0x00000056d3700000) (1024K)]
  0x00000224c6da1270 JavaThread "Cache worker for file hash cache (C:\Users\alber\.gradle\caches\8.13\fileHashes)"        [_thread_blocked, id=35784, stack(0x00000056d3700000,0x00000056d3800000) (1024K)]
  0x00000224c6d9eb10 JavaThread "Cache worker for file hash cache (C:\Proyectos\Rancho-Digital\Rancho-Digital\RanchoDigital\node_modules\react-native-reanimated\android\.gradle\8.13\fileHashes)"        [_thread_blocked, id=11412, stack(0x00000056d3b00000,0x00000056d3c00000) (1024K)]
  0x00000224ea09f250 JavaThread "Cache worker for Build Output Cleanup Cache (C:\Proyectos\Rancho-Digital\Rancho-Digital\RanchoDigital\node_modules\react-native-reanimated\android\.gradle\buildOutputCleanup)"        [_thread_blocked, id=33536, stack(0x00000056d3c00000,0x00000056d3d00000) (1024K)]
  0x00000224ea09d180 JavaThread "File watcher server"        daemon [_thread_in_native, id=12228, stack(0x00000056d3d00000,0x00000056d3e00000) (1024K)]
  0x00000224ea09dea0 JavaThread "File watcher consumer"      daemon [_thread_blocked, id=32376, stack(0x00000056d3e00000,0x00000056d3f00000) (1024K)]
  0x00000224ea09f8e0 JavaThread "jar transforms"                    [_thread_blocked, id=10024, stack(0x00000056d3f00000,0x00000056d4000000) (1024K)]
  0x00000224ea09e530 JavaThread "jar transforms Thread 2"           [_thread_blocked, id=25296, stack(0x00000056d4000000,0x00000056d4100000) (1024K)]
  0x00000224ea09ff70 JavaThread "jar transforms Thread 3"           [_thread_blocked, id=6588, stack(0x00000056d4100000,0x00000056d4200000) (1024K)]
  0x00000224ea0a0c90 JavaThread "jar transforms Thread 4"           [_thread_blocked, id=28656, stack(0x00000056d4200000,0x00000056d4300000) (1024K)]
  0x00000224ea09d810 JavaThread "jar transforms Thread 5"           [_thread_blocked, id=25268, stack(0x00000056d3a00000,0x00000056d3b00000) (1024K)]
  0x00000224ea0a26d0 JavaThread "Cache worker for checksums cache (C:\Proyectos\Rancho-Digital\Rancho-Digital\RanchoDigital\node_modules\react-native-reanimated\android\.gradle\8.13\checksums)"        [_thread_blocked, id=2752, stack(0x00000056d4300000,0x00000056d4400000) (1024K)]
  0x00000224ea0a3a80 JavaThread "Cache worker for file content cache (C:\Users\alber\.gradle\caches\8.13\fileContent)"        [_thread_blocked, id=32128, stack(0x00000056d4400000,0x00000056d4500000) (1024K)]
  0x00000224ea0a2d60 JavaThread "jar transforms Thread 6"           [_thread_blocked, id=28920, stack(0x00000056d4600000,0x00000056d4700000) (1024K)]
  0x00000224ea0a33f0 JavaThread "jar transforms Thread 7"           [_thread_blocked, id=23592, stack(0x00000056d4700000,0x00000056d4800000) (1024K)]
  0x00000224ea0a4110 JavaThread "jar transforms Thread 8"           [_thread_blocked, id=24436, stack(0x00000056d4800000,0x00000056d4900000) (1024K)]
  0x00000224ea0a1320 JavaThread "Cache worker for cache directory md-supplier (C:\Users\alber\.gradle\caches\8.13\md-supplier)"        [_thread_blocked, id=1472, stack(0x00000056d4900000,0x00000056d4a00000) (1024K)]
  0x00000224ea0a2040 JavaThread "Cache worker for cache directory md-rule (C:\Users\alber\.gradle\caches\8.13\md-rule)"        [_thread_blocked, id=32072, stack(0x00000056d4500000,0x00000056d4600000) (1024K)]
  0x00000224e9001600 JavaThread "Problems report writer"            [_thread_blocked, id=7692, stack(0x00000056d4a00000,0x00000056d4b00000) (1024K)]
  0x00000224e8ffeea0 JavaThread "File lock release action executor"        [_thread_blocked, id=11464, stack(0x00000056d4c00000,0x00000056d4d00000) (1024K)]
  0x00000224e8fff530 JavaThread "Unconstrained build operations"        [_thread_blocked, id=22456, stack(0x00000056d4b00000,0x00000056d4c00000) (1024K)]
  0x00000224e90029b0 JavaThread "Unconstrained build operations Thread 2"        [_thread_blocked, id=33316, stack(0x00000056d4d00000,0x00000056d4e00000) (1024K)]
  0x00000224e9003040 JavaThread "Unconstrained build operations Thread 3"        [_thread_blocked, id=34168, stack(0x00000056d4e00000,0x00000056d4f00000) (1024K)]
  0x00000224e8fffbc0 JavaThread "Unconstrained build operations Thread 4"        [_thread_blocked, id=23172, stack(0x00000056d4f00000,0x00000056d5000000) (1024K)]
  0x00000224e90036d0 JavaThread "Unconstrained build operations Thread 5"        [_thread_blocked, id=2028, stack(0x00000056d5000000,0x00000056d5100000) (1024K)]
  0x00000224e9000250 JavaThread "Unconstrained build operations Thread 6"        [_thread_blocked, id=23844, stack(0x00000056d5100000,0x00000056d5200000) (1024K)]
  0x00000224e9003d60 JavaThread "Unconstrained build operations Thread 7"        [_thread_blocked, id=29296, stack(0x00000056d5200000,0x00000056d5300000) (1024K)]
  0x00000224e9005e30 JavaThread "Unconstrained build operations Thread 8"        [_thread_blocked, id=16864, stack(0x00000056d5300000,0x00000056d5400000) (1024K)]
  0x00000224e90043f0 JavaThread "Unconstrained build operations Thread 9"        [_thread_blocked, id=22788, stack(0x00000056d5400000,0x00000056d5500000) (1024K)]
  0x00000224e90057a0 JavaThread "Unconstrained build operations Thread 10"        [_thread_blocked, id=28736, stack(0x00000056d5500000,0x00000056d5600000) (1024K)]
  0x00000224e9004a80 JavaThread "Unconstrained build operations Thread 11"        [_thread_blocked, id=28076, stack(0x00000056d5600000,0x00000056d5700000) (1024K)]
  0x00000224e9005110 JavaThread "Unconstrained build operations Thread 12"        [_thread_blocked, id=16156, stack(0x00000056d5700000,0x00000056d5800000) (1024K)]
  0x00000224e90064c0 JavaThread "Unconstrained build operations Thread 13"        [_thread_blocked, id=17916, stack(0x00000056d5800000,0x00000056d5900000) (1024K)]
  0x00000224ea09caf0 JavaThread "Unconstrained build operations Thread 14"        [_thread_blocked, id=28168, stack(0x00000056d5900000,0x00000056d5a00000) (1024K)]
  0x00000224e8723da0 JavaThread "Unconstrained build operations Thread 15"        [_thread_blocked, id=860, stack(0x00000056d5a00000,0x00000056d5b00000) (1024K)]
  0x00000224e8725150 JavaThread "Unconstrained build operations Thread 16"        [_thread_blocked, id=3404, stack(0x00000056d5b00000,0x00000056d5c00000) (1024K)]
  0x00000224e8723710 JavaThread "Unconstrained build operations Thread 17"        [_thread_blocked, id=30388, stack(0x00000056d5c00000,0x00000056d5d00000) (1024K)]
  0x00000224e87257e0 JavaThread "Unconstrained build operations Thread 18"        [_thread_blocked, id=5976, stack(0x00000056d5d00000,0x00000056d5e00000) (1024K)]
  0x00000224e8725e70 JavaThread "Unconstrained build operations Thread 19"        [_thread_blocked, id=33324, stack(0x00000056d5e00000,0x00000056d5f00000) (1024K)]
  0x00000224ea30e170 JavaThread "Unconstrained build operations Thread 20"        [_thread_blocked, id=29644, stack(0x00000056d5f00000,0x00000056d6000000) (1024K)]
  0x00000224ea30c730 JavaThread "Unconstrained build operations Thread 21"        [_thread_blocked, id=16980, stack(0x00000056d6000000,0x00000056d6100000) (1024K)]
  0x00000224c7b8cf30 JavaThread "C2 CompilerThread1"         daemon [_thread_blocked, id=10400, stack(0x00000056d3800000,0x00000056d3900000) (1024K)]
  0x00000224c7b8c860 JavaThread "C2 CompilerThread2"         daemon [_thread_blocked, id=17652, stack(0x00000056d6100000,0x00000056d6200000) (1024K)]
Total: 65

Other Threads:
=>0x00000224e6d95f80 VMThread "VM Thread"                           [id=9788, stack(0x00000056d1900000,0x00000056d1a00000) (1024K)]
  0x00000224e6d7ced0 WatcherThread "VM Periodic Task Thread"        [id=30340, stack(0x00000056d1800000,0x00000056d1900000) (1024K)]
  0x00000224cab8dde0 WorkerThread "GC Thread#0"                     [id=23756, stack(0x00000056d1300000,0x00000056d1400000) (1024K)]
  0x00000224c56703b0 WorkerThread "GC Thread#1"                     [id=35568, stack(0x00000056d2400000,0x00000056d2500000) (1024K)]
  0x00000224c5670760 WorkerThread "GC Thread#2"                     [id=24536, stack(0x00000056d2500000,0x00000056d2600000) (1024K)]
  0x00000224c5751e90 WorkerThread "GC Thread#3"                     [id=24176, stack(0x00000056d2600000,0x00000056d2700000) (1024K)]
  0x00000224c5fa1040 WorkerThread "GC Thread#4"                     [id=22392, stack(0x00000056d2700000,0x00000056d2800000) (1024K)]
  0x00000224c66b2800 WorkerThread "GC Thread#5"                     [id=28072, stack(0x00000056d2900000,0x00000056d2a00000) (1024K)]
  0x00000224c56a4750 WorkerThread "GC Thread#6"                     [id=35772, stack(0x00000056d2a00000,0x00000056d2b00000) (1024K)]
  0x00000224c56a4b00 WorkerThread "GC Thread#7"                     [id=6652, stack(0x00000056d2b00000,0x00000056d2c00000) (1024K)]
  0x00000224cab9fb60 ConcurrentGCThread "G1 Main Marker"            [id=13008, stack(0x00000056d1400000,0x00000056d1500000) (1024K)]
  0x00000224caba0580 WorkerThread "G1 Conc#0"                       [id=32440, stack(0x00000056d1500000,0x00000056d1600000) (1024K)]
  0x00000224c705cbb0 WorkerThread "G1 Conc#1"                       [id=32940, stack(0x00000056d3900000,0x00000056d3a00000) (1024K)]
  0x00000224e6c47e70 ConcurrentGCThread "G1 Refine#0"               [id=9756, stack(0x00000056d1600000,0x00000056d1700000) (1024K)]
  0x00000224e6c496b0 ConcurrentGCThread "G1 Service"                [id=28468, stack(0x00000056d1700000,0x00000056d1800000) (1024K)]
Total: 15

Threads with active compile tasks:
C2 CompilerThread0  41573 12608       4       org.gradle.internal.classpath.generated.InterceptorDeclaration_ConfigCacheJvmBytecode::visitMethodInsn (4679 bytes)
C2 CompilerThread1  41573 12611       4       org.gradle.internal.classpath.generated.InterceptorDeclaration_ConfigCacheJvmBytecode::findBridgeMethodBuilder (4839 bytes)
C2 CompilerThread2  41573 12613       4       org.gradle.internal.classpath.transforms.AdhocInterceptors::visitINVOKESTATIC (780 bytes)
Total: 3

VM state: at safepoint (normal execution)

VM Mutex/Monitor currently owned by a thread:  ([mutex/lock_event])
[0x00007ffe02efcb80] Threads_lock - owner thread: 0x00000224e6d95f80
[0x00007ffe02efcc80] Heap_lock - owner thread: 0x00000224e8723da0

Heap address: 0x0000000080000000, size: 2048 MB, Compressed Oops mode: 32-bit

CDS archive(s) mapped at: [0x0000022480000000-0x0000022480c60000-0x0000022480c60000), size 12976128, SharedBaseAddress: 0x0000022480000000, ArchiveRelocationMode: 1.
Compressed class space mapped at: 0x0000022481000000-0x00000224c1000000, reserved size: 1073741824
Narrow klass base: 0x0000022480000000, Narrow klass shift: 0, Narrow klass range: 0x41000000

GC Precious Log:
 CardTable entry size: 512
 Card Set container configuration: InlinePtr #cards 5 size 8 Array Of Cards #cards 12 size 40 Howl #buckets 4 coarsen threshold 1843 Howl Bitmap #cards 512 size 80 coarsen threshold 460 Card regions per heap region 1 cards per card region 2048
 CPUs: 8 total, 8 available
 Memory: 7991M
 Large Page Support: Disabled
 NUMA Support: Disabled
 Compressed Oops: Enabled (32-bit)
 Heap Region Size: 1M
 Heap Min Capacity: 8M
 Heap Initial Capacity: 126M
 Heap Max Capacity: 2G
 Pre-touch: Disabled
 Parallel Workers: 8
 Concurrent Workers: 2
 Concurrent Refinement Workers: 8
 Periodic GC: Disabled

Heap:
 garbage-first heap   total reserved 2097152K, committed 246784K, used 125437K [0x0000000080000000, 0x0000000100000000)
  region size 1024K, 8 young (8192K), 8 survivors (8192K)
 Metaspace       used 61983K, committed 63808K, reserved 1114112K
  class space    used 8659K, committed 9536K, reserved 1048576K

Heap Regions: E=young(eden), S=young(survivor), O=old, HS=humongous(starts), HC=humongous(continues), CS=collection set, F=free, TAMS=top-at-mark-start, PB=parsable bottom
|   0|0x0000000080000000, 0x0000000080100000, 0x0000000080100000|100%| O|  |TAMS 0x0000000080000000| PB 0x0000000080000000| Untracked |  0
|   1|0x0000000080100000, 0x0000000080200000, 0x0000000080200000|100%| O|  |TAMS 0x0000000080100000| PB 0x0000000080100000| Untracked |  0
|   2|0x0000000080200000, 0x0000000080300000, 0x0000000080300000|100%|HS|  |TAMS 0x0000000080200000| PB 0x0000000080200000| Complete |  0
|   3|0x0000000080300000, 0x0000000080400000, 0x0000000080400000|100%|HC|  |TAMS 0x0000000080300000| PB 0x0000000080300000| Complete |  0
|   4|0x0000000080400000, 0x0000000080500000, 0x0000000080500000|100%|HC|  |TAMS 0x0000000080400000| PB 0x0000000080400000| Complete |  0
|   5|0x0000000080500000, 0x0000000080600000, 0x0000000080600000|100%| O|  |TAMS 0x0000000080500000| PB 0x0000000080500000| Untracked |  0
|   6|0x0000000080600000, 0x0000000080700000, 0x0000000080700000|100%| O|  |TAMS 0x0000000080600000| PB 0x0000000080600000| Untracked |  0
|   7|0x0000000080700000, 0x0000000080800000, 0x0000000080800000|100%|HS|  |TAMS 0x0000000080700000| PB 0x0000000080700000| Complete |  0
|   8|0x0000000080800000, 0x0000000080900000, 0x0000000080900000|100%| O|  |TAMS 0x0000000080800000| PB 0x0000000080800000| Untracked |  0
|   9|0x0000000080900000, 0x0000000080a00000, 0x0000000080a00000|100%| O|  |TAMS 0x0000000080900000| PB 0x0000000080900000| Untracked |  0
|  10|0x0000000080a00000, 0x0000000080b00000, 0x0000000080b00000|100%| O|  |TAMS 0x0000000080a00000| PB 0x0000000080a00000| Untracked |  0
|  11|0x0000000080b00000, 0x0000000080c00000, 0x0000000080c00000|100%| O|  |TAMS 0x0000000080b00000| PB 0x0000000080b00000| Untracked |  0
|  12|0x0000000080c00000, 0x0000000080d00000, 0x0000000080d00000|100%| O|  |TAMS 0x0000000080c00000| PB 0x0000000080c00000| Untracked |  0
|  13|0x0000000080d00000, 0x0000000080e00000, 0x0000000080e00000|100%| O|  |TAMS 0x0000000080d00000| PB 0x0000000080d00000| Untracked |  0
|  14|0x0000000080e00000, 0x0000000080f00000, 0x0000000080f00000|100%| O|  |TAMS 0x0000000080e00000| PB 0x0000000080e00000| Untracked |  0
|  15|0x0000000080f00000, 0x0000000081000000, 0x0000000081000000|100%| O|  |TAMS 0x0000000080f00000| PB 0x0000000080f00000| Untracked |  0
|  16|0x0000000081000000, 0x0000000081100000, 0x0000000081100000|100%| O|  |TAMS 0x0000000081000000| PB 0x0000000081000000| Untracked |  0
|  17|0x0000000081100000, 0x0000000081200000, 0x0000000081200000|100%| O|  |TAMS 0x0000000081100000| PB 0x0000000081100000| Untracked |  0
|  18|0x0000000081200000, 0x0000000081300000, 0x0000000081300000|100%| O|  |TAMS 0x0000000081200000| PB 0x0000000081200000| Untracked |  0
|  19|0x0000000081300000, 0x0000000081400000, 0x0000000081400000|100%| O|  |TAMS 0x0000000081300000| PB 0x0000000081300000| Untracked |  0
|  20|0x0000000081400000, 0x0000000081500000, 0x0000000081500000|100%| O|  |TAMS 0x0000000081400000| PB 0x0000000081400000| Untracked |  0
|  21|0x0000000081500000, 0x0000000081600000, 0x0000000081600000|100%| O|  |TAMS 0x0000000081500000| PB 0x0000000081500000| Untracked |  0
|  22|0x0000000081600000, 0x0000000081700000, 0x0000000081700000|100%| O|  |TAMS 0x0000000081600000| PB 0x0000000081600000| Untracked |  0
|  23|0x0000000081700000, 0x0000000081800000, 0x0000000081800000|100%| O|  |TAMS 0x0000000081700000| PB 0x0000000081700000| Untracked |  0
|  24|0x0000000081800000, 0x0000000081900000, 0x0000000081900000|100%| O|  |TAMS 0x0000000081800000| PB 0x0000000081800000| Untracked |  0
|  25|0x0000000081900000, 0x0000000081a00000, 0x0000000081a00000|100%| O|  |TAMS 0x0000000081900000| PB 0x0000000081900000| Untracked |  0
|  26|0x0000000081a00000, 0x0000000081b00000, 0x0000000081b00000|100%| O|  |TAMS 0x0000000081a00000| PB 0x0000000081a00000| Untracked |  0
|  27|0x0000000081b00000, 0x0000000081c00000, 0x0000000081c00000|100%| O|  |TAMS 0x0000000081b00000| PB 0x0000000081b00000| Untracked |  0
|  28|0x0000000081c00000, 0x0000000081d00000, 0x0000000081d00000|100%| O|  |TAMS 0x0000000081c00000| PB 0x0000000081c00000| Untracked |  0
|  29|0x0000000081d00000, 0x0000000081e00000, 0x0000000081e00000|100%| O|  |TAMS 0x0000000081d00000| PB 0x0000000081d00000| Untracked |  0
|  30|0x0000000081e00000, 0x0000000081f00000, 0x0000000081f00000|100%| O|  |TAMS 0x0000000081e00000| PB 0x0000000081e00000| Untracked |  0
|  31|0x0000000081f00000, 0x0000000082000000, 0x0000000082000000|100%| O|  |TAMS 0x0000000081f00000| PB 0x0000000081f00000| Untracked |  0
|  32|0x0000000082000000, 0x0000000082100000, 0x0000000082100000|100%| O|  |TAMS 0x0000000082000000| PB 0x0000000082000000| Untracked |  0
|  33|0x0000000082100000, 0x0000000082200000, 0x0000000082200000|100%| O|  |TAMS 0x0000000082100000| PB 0x0000000082100000| Untracked |  0
|  34|0x0000000082200000, 0x0000000082300000, 0x0000000082300000|100%| O|  |TAMS 0x0000000082200000| PB 0x0000000082200000| Untracked |  0
|  35|0x0000000082300000, 0x0000000082400000, 0x0000000082400000|100%| O|  |TAMS 0x0000000082300000| PB 0x0000000082300000| Untracked |  0
|  36|0x0000000082400000, 0x0000000082500000, 0x0000000082500000|100%| O|  |TAMS 0x0000000082400000| PB 0x0000000082400000| Untracked |  0
|  37|0x0000000082500000, 0x0000000082600000, 0x0000000082600000|100%|HS|  |TAMS 0x0000000082500000| PB 0x0000000082500000| Complete |  0
|  38|0x0000000082600000, 0x0000000082700000, 0x0000000082700000|100%| O|  |TAMS 0x0000000082600000| PB 0x0000000082600000| Untracked |  0
|  39|0x0000000082700000, 0x0000000082800000, 0x0000000082800000|100%| O|  |TAMS 0x0000000082700000| PB 0x0000000082700000| Untracked |  0
|  40|0x0000000082800000, 0x0000000082900000, 0x0000000082900000|100%| O|  |TAMS 0x0000000082800000| PB 0x0000000082800000| Untracked |  0
|  41|0x0000000082900000, 0x0000000082a00000, 0x0000000082a00000|100%| O|  |TAMS 0x0000000082900000| PB 0x0000000082900000| Untracked |  0
|  42|0x0000000082a00000, 0x0000000082b00000, 0x0000000082b00000|100%| O|  |TAMS 0x0000000082a00000| PB 0x0000000082a00000| Untracked |  0
|  43|0x0000000082b00000, 0x0000000082c00000, 0x0000000082c00000|100%| O|  |TAMS 0x0000000082b00000| PB 0x0000000082b00000| Untracked |  0
|  44|0x0000000082c00000, 0x0000000082d00000, 0x0000000082d00000|100%| O|  |TAMS 0x0000000082c00000| PB 0x0000000082c00000| Untracked |  0
|  45|0x0000000082d00000, 0x0000000082e00000, 0x0000000082e00000|100%| O|  |TAMS 0x0000000082d00000| PB 0x0000000082d00000| Untracked |  0
|  46|0x0000000082e00000, 0x0000000082f00000, 0x0000000082f00000|100%| O|  |TAMS 0x0000000082e00000| PB 0x0000000082e00000| Untracked |  0
|  47|0x0000000082f00000, 0x0000000083000000, 0x0000000083000000|100%| O|  |TAMS 0x0000000082f00000| PB 0x0000000082f00000| Untracked |  0
|  48|0x0000000083000000, 0x0000000083100000, 0x0000000083100000|100%| O|  |TAMS 0x0000000083000000| PB 0x0000000083000000| Untracked |  0
|  49|0x0000000083100000, 0x0000000083100000, 0x0000000083200000|  0%| F|  |TAMS 0x0000000083100000| PB 0x0000000083100000| Untracked |  0
|  50|0x0000000083200000, 0x0000000083300000, 0x0000000083300000|100%| O|  |TAMS 0x0000000083200000| PB 0x0000000083200000| Untracked |  0
|  51|0x0000000083300000, 0x0000000083400000, 0x0000000083400000|100%| O|  |TAMS 0x0000000083300000| PB 0x0000000083300000| Untracked |  0
|  52|0x0000000083400000, 0x0000000083500000, 0x0000000083500000|100%| O|  |TAMS 0x0000000083400000| PB 0x0000000083400000| Untracked |  0
|  53|0x0000000083500000, 0x0000000083600000, 0x0000000083600000|100%| O|  |TAMS 0x0000000083500000| PB 0x0000000083500000| Untracked |  0
|  54|0x0000000083600000, 0x0000000083700000, 0x0000000083700000|100%| O|  |TAMS 0x0000000083600000| PB 0x0000000083600000| Untracked |  0
|  55|0x0000000083700000, 0x0000000083800000, 0x0000000083800000|100%| O|  |TAMS 0x0000000083700000| PB 0x0000000083700000| Untracked |  0
|  56|0x0000000083800000, 0x0000000083900000, 0x0000000083900000|100%| O|  |TAMS 0x0000000083800000| PB 0x0000000083800000| Untracked |  0
|  57|0x0000000083900000, 0x0000000083a00000, 0x0000000083a00000|100%| O|  |TAMS 0x0000000083900000| PB 0x0000000083900000| Untracked |  0
|  58|0x0000000083a00000, 0x0000000083b00000, 0x0000000083b00000|100%| O|  |TAMS 0x0000000083a00000| PB 0x0000000083a00000| Untracked |  0
|  59|0x0000000083b00000, 0x0000000083c00000, 0x0000000083c00000|100%| O|  |TAMS 0x0000000083b00000| PB 0x0000000083b00000| Untracked |  0
|  60|0x0000000083c00000, 0x0000000083d00000, 0x0000000083d00000|100%| O|  |TAMS 0x0000000083c00000| PB 0x0000000083c00000| Untracked |  0
|  61|0x0000000083d00000, 0x0000000083e00000, 0x0000000083e00000|100%| O|  |TAMS 0x0000000083d00000| PB 0x0000000083d00000| Untracked |  0
|  62|0x0000000083e00000, 0x0000000083f00000, 0x0000000083f00000|100%| O|  |TAMS 0x0000000083e00000| PB 0x0000000083e00000| Untracked |  0
|  63|0x0000000083f00000, 0x0000000084000000, 0x0000000084000000|100%| O|  |TAMS 0x0000000083f00000| PB 0x0000000083f00000| Untracked |  0
|  64|0x0000000084000000, 0x0000000084100000, 0x0000000084100000|100%| O|  |TAMS 0x0000000084000000| PB 0x0000000084000000| Untracked |  0
|  65|0x0000000084100000, 0x0000000084200000, 0x0000000084200000|100%| O|  |TAMS 0x0000000084100000| PB 0x0000000084100000| Untracked |  0
|  66|0x0000000084200000, 0x0000000084300000, 0x0000000084300000|100%| O|  |TAMS 0x0000000084200000| PB 0x0000000084200000| Untracked |  0
|  67|0x0000000084300000, 0x0000000084400000, 0x0000000084400000|100%|HS|  |TAMS 0x0000000084300000| PB 0x0000000084300000| Complete |  0
|  68|0x0000000084400000, 0x0000000084500000, 0x0000000084500000|100%| O|  |TAMS 0x0000000084400000| PB 0x0000000084400000| Untracked |  0
|  69|0x0000000084500000, 0x0000000084600000, 0x0000000084600000|100%| O|  |TAMS 0x0000000084500000| PB 0x0000000084500000| Untracked |  0
|  70|0x0000000084600000, 0x0000000084700000, 0x0000000084700000|100%| O|  |TAMS 0x0000000084600000| PB 0x0000000084600000| Untracked |  0
|  71|0x0000000084700000, 0x0000000084800000, 0x0000000084800000|100%| O|  |TAMS 0x0000000084700000| PB 0x0000000084700000| Untracked |  0
|  72|0x0000000084800000, 0x0000000084900000, 0x0000000084900000|100%| O|  |TAMS 0x0000000084800000| PB 0x0000000084800000| Untracked |  0
|  73|0x0000000084900000, 0x0000000084a00000, 0x0000000084a00000|100%| O|  |TAMS 0x0000000084900000| PB 0x0000000084900000| Untracked |  0
|  74|0x0000000084a00000, 0x0000000084b00000, 0x0000000084b00000|100%|HS|  |TAMS 0x0000000084a00000| PB 0x0000000084a00000| Complete |  0
|  75|0x0000000084b00000, 0x0000000084c00000, 0x0000000084c00000|100%| O|  |TAMS 0x0000000084b00000| PB 0x0000000084b00000| Untracked |  0
|  76|0x0000000084c00000, 0x0000000084d00000, 0x0000000084d00000|100%|HS|  |TAMS 0x0000000084c00000| PB 0x0000000084c00000| Complete |  0
|  77|0x0000000084d00000, 0x0000000084e00000, 0x0000000084e00000|100%| O|  |TAMS 0x0000000084d00000| PB 0x0000000084d00000| Untracked |  0
|  78|0x0000000084e00000, 0x0000000084f00000, 0x0000000084f00000|100%| O|  |TAMS 0x0000000084e00000| PB 0x0000000084e00000| Untracked |  0
|  79|0x0000000084f00000, 0x0000000085000000, 0x0000000085000000|100%| O|  |TAMS 0x0000000084f00000| PB 0x0000000084f00000| Untracked |  0
|  80|0x0000000085000000, 0x0000000085100000, 0x0000000085100000|100%| O|  |TAMS 0x0000000085000000| PB 0x0000000085000000| Untracked |  0
|  81|0x0000000085100000, 0x0000000085200000, 0x0000000085200000|100%| O|  |TAMS 0x0000000085100000| PB 0x0000000085100000| Untracked |  0
|  82|0x0000000085200000, 0x0000000085300000, 0x0000000085300000|100%| O|  |TAMS 0x0000000085200000| PB 0x0000000085200000| Untracked |  0
|  83|0x0000000085300000, 0x0000000085300000, 0x0000000085400000|  0%| F|  |TAMS 0x0000000085300000| PB 0x0000000085300000| Untracked |  0
|  84|0x0000000085400000, 0x0000000085500000, 0x0000000085500000|100%| O|  |TAMS 0x0000000085400000| PB 0x0000000085400000| Untracked |  0
|  85|0x0000000085500000, 0x0000000085600000, 0x0000000085600000|100%| O|  |TAMS 0x0000000085500000| PB 0x0000000085500000| Untracked |  0
|  86|0x0000000085600000, 0x0000000085700000, 0x0000000085700000|100%| O|  |TAMS 0x0000000085600000| PB 0x0000000085600000| Untracked |  0
|  87|0x0000000085700000, 0x0000000085800000, 0x0000000085800000|100%| O|  |TAMS 0x0000000085700000| PB 0x0000000085700000| Untracked |  0
|  88|0x0000000085800000, 0x0000000085900000, 0x0000000085900000|100%| O|  |TAMS 0x0000000085800000| PB 0x0000000085800000| Untracked |  0
|  89|0x0000000085900000, 0x0000000085a00000, 0x0000000085a00000|100%| O|  |TAMS 0x0000000085900000| PB 0x0000000085900000| Untracked |  0
|  90|0x0000000085a00000, 0x0000000085b00000, 0x0000000085b00000|100%| O|  |TAMS 0x0000000085a00000| PB 0x0000000085a00000| Untracked |  0
|  91|0x0000000085b00000, 0x0000000085c00000, 0x0000000085c00000|100%| O|  |TAMS 0x0000000085b00000| PB 0x0000000085b00000| Untracked |  0
|  92|0x0000000085c00000, 0x0000000085c57518, 0x0000000085d00000| 34%| O|  |TAMS 0x0000000085c00000| PB 0x0000000085c00000| Untracked |  0
|  93|0x0000000085d00000, 0x0000000085d00000, 0x0000000085e00000|  0%| F|  |TAMS 0x0000000085d00000| PB 0x0000000085d00000| Untracked |  0
|  94|0x0000000085e00000, 0x0000000085e00000, 0x0000000085f00000|  0%| F|  |TAMS 0x0000000085e00000| PB 0x0000000085e00000| Untracked |  0
|  95|0x0000000085f00000, 0x0000000085f00000, 0x0000000086000000|  0%| F|  |TAMS 0x0000000085f00000| PB 0x0000000085f00000| Untracked |  0
|  96|0x0000000086000000, 0x0000000086000000, 0x0000000086100000|  0%| F|  |TAMS 0x0000000086000000| PB 0x0000000086000000| Untracked |  0
|  97|0x0000000086100000, 0x0000000086100000, 0x0000000086200000|  0%| F|  |TAMS 0x0000000086100000| PB 0x0000000086100000| Untracked |  0
|  98|0x0000000086200000, 0x0000000086300000, 0x0000000086300000|100%| O|  |TAMS 0x0000000086200000| PB 0x0000000086200000| Untracked |  0
|  99|0x0000000086300000, 0x0000000086400000, 0x0000000086400000|100%| O|  |TAMS 0x0000000086300000| PB 0x0000000086300000| Untracked |  0
| 100|0x0000000086400000, 0x0000000086500000, 0x0000000086500000|100%| O|  |TAMS 0x0000000086400000| PB 0x0000000086400000| Untracked |  0
| 101|0x0000000086500000, 0x0000000086600000, 0x0000000086600000|100%| O|  |TAMS 0x0000000086500000| PB 0x0000000086500000| Untracked |  0
| 102|0x0000000086600000, 0x0000000086700000, 0x0000000086700000|100%| O|  |TAMS 0x0000000086600000| PB 0x0000000086600000| Untracked |  0
| 103|0x0000000086700000, 0x0000000086800000, 0x0000000086800000|100%| O|  |TAMS 0x0000000086700000| PB 0x0000000086700000| Untracked |  0
| 104|0x0000000086800000, 0x0000000086900000, 0x0000000086900000|100%| O|  |TAMS 0x0000000086800000| PB 0x0000000086800000| Untracked |  0
| 105|0x0000000086900000, 0x0000000086a00000, 0x0000000086a00000|100%| O|  |TAMS 0x0000000086900000| PB 0x0000000086900000| Untracked |  0
| 106|0x0000000086a00000, 0x0000000086b00000, 0x0000000086b00000|100%| O|  |TAMS 0x0000000086a00000| PB 0x0000000086a00000| Untracked |  0
| 107|0x0000000086b00000, 0x0000000086c00000, 0x0000000086c00000|100%| O|  |TAMS 0x0000000086b00000| PB 0x0000000086b00000| Untracked |  0
| 108|0x0000000086c00000, 0x0000000086c00000, 0x0000000086d00000|  0%| F|  |TAMS 0x0000000086c00000| PB 0x0000000086c00000| Untracked |  0
| 109|0x0000000086d00000, 0x0000000086d00000, 0x0000000086e00000|  0%| F|  |TAMS 0x0000000086d00000| PB 0x0000000086d00000| Untracked |  0
| 110|0x0000000086e00000, 0x0000000086f00000, 0x0000000086f00000|100%| O|  |TAMS 0x0000000086e00000| PB 0x0000000086e00000| Untracked |  0
| 111|0x0000000086f00000, 0x0000000087000000, 0x0000000087000000|100%| O|  |TAMS 0x0000000086f00000| PB 0x0000000086f00000| Untracked |  0
| 112|0x0000000087000000, 0x0000000087100000, 0x0000000087100000|100%| O|  |TAMS 0x0000000087000000| PB 0x0000000087000000| Untracked |  0
| 113|0x0000000087100000, 0x0000000087100000, 0x0000000087200000|  0%| F|  |TAMS 0x0000000087100000| PB 0x0000000087100000| Untracked |  0
| 114|0x0000000087200000, 0x0000000087200000, 0x0000000087300000|  0%| F|  |TAMS 0x0000000087200000| PB 0x0000000087200000| Untracked |  0
| 115|0x0000000087300000, 0x0000000087300000, 0x0000000087400000|  0%| F|  |TAMS 0x0000000087300000| PB 0x0000000087300000| Untracked |  0
| 116|0x0000000087400000, 0x0000000087400000, 0x0000000087500000|  0%| F|  |TAMS 0x0000000087400000| PB 0x0000000087400000| Untracked |  0
| 117|0x0000000087500000, 0x0000000087527f30, 0x0000000087600000| 15%| S|CS|TAMS 0x0000000087500000| PB 0x0000000087500000| Complete |  0
| 118|0x0000000087600000, 0x0000000087700000, 0x0000000087700000|100%| S|CS|TAMS 0x0000000087600000| PB 0x0000000087600000| Complete |  0
| 119|0x0000000087700000, 0x0000000087800000, 0x0000000087800000|100%| S|CS|TAMS 0x0000000087700000| PB 0x0000000087700000| Complete |  0
| 120|0x0000000087800000, 0x0000000087900000, 0x0000000087900000|100%| S|CS|TAMS 0x0000000087800000| PB 0x0000000087800000| Complete |  0
| 121|0x0000000087900000, 0x0000000087a00000, 0x0000000087a00000|100%| S|CS|TAMS 0x0000000087900000| PB 0x0000000087900000| Complete |  0
| 122|0x0000000087a00000, 0x0000000087b00000, 0x0000000087b00000|100%| S|CS|TAMS 0x0000000087a00000| PB 0x0000000087a00000| Complete |  0
| 123|0x0000000087b00000, 0x0000000087c00000, 0x0000000087c00000|100%| S|CS|TAMS 0x0000000087b00000| PB 0x0000000087b00000| Complete |  0
| 124|0x0000000087c00000, 0x0000000087c00000, 0x0000000087d00000|  0%| F|  |TAMS 0x0000000087c00000| PB 0x0000000087c00000| Untracked |  0
| 125|0x0000000087d00000, 0x0000000087d00000, 0x0000000087e00000|  0%| F|  |TAMS 0x0000000087d00000| PB 0x0000000087d00000| Untracked |  0
| 126|0x0000000087e00000, 0x0000000087e00000, 0x0000000087f00000|  0%| F|  |TAMS 0x0000000087e00000| PB 0x0000000087e00000| Untracked |  0
| 127|0x0000000087f00000, 0x0000000087f00000, 0x0000000088000000|  0%| F|  |TAMS 0x0000000087f00000| PB 0x0000000087f00000| Untracked |  0
| 128|0x0000000088000000, 0x0000000088000000, 0x0000000088100000|  0%| F|  |TAMS 0x0000000088000000| PB 0x0000000088000000| Untracked |  0
| 129|0x0000000088100000, 0x0000000088100000, 0x0000000088200000|  0%| F|  |TAMS 0x0000000088100000| PB 0x0000000088100000| Untracked |  0
| 130|0x0000000088200000, 0x0000000088200000, 0x0000000088300000|  0%| F|  |TAMS 0x0000000088200000| PB 0x0000000088200000| Untracked |  0
| 131|0x0000000088300000, 0x0000000088400000, 0x0000000088400000|100%| S|CS|TAMS 0x0000000088300000| PB 0x0000000088300000| Complete |  0
| 132|0x0000000088400000, 0x0000000088400000, 0x0000000088500000|  0%| F|  |TAMS 0x0000000088400000| PB 0x0000000088400000| Untracked |  0
| 133|0x0000000088500000, 0x0000000088500000, 0x0000000088600000|  0%| F|  |TAMS 0x0000000088500000| PB 0x0000000088500000| Untracked |  0
| 134|0x0000000088600000, 0x0000000088600000, 0x0000000088700000|  0%| F|  |TAMS 0x0000000088600000| PB 0x0000000088600000| Untracked |  0
| 135|0x0000000088700000, 0x0000000088700000, 0x0000000088800000|  0%| F|  |TAMS 0x0000000088700000| PB 0x0000000088700000| Untracked |  0
| 136|0x0000000088800000, 0x0000000088800000, 0x0000000088900000|  0%| F|  |TAMS 0x0000000088800000| PB 0x0000000088800000| Untracked |  0
| 137|0x0000000088900000, 0x0000000088900000, 0x0000000088a00000|  0%| F|  |TAMS 0x0000000088900000| PB 0x0000000088900000| Untracked |  0
| 138|0x0000000088a00000, 0x0000000088a00000, 0x0000000088b00000|  0%| F|  |TAMS 0x0000000088a00000| PB 0x0000000088a00000| Untracked |  0
| 139|0x0000000088b00000, 0x0000000088b00000, 0x0000000088c00000|  0%| F|  |TAMS 0x0000000088b00000| PB 0x0000000088b00000| Untracked |  0
| 140|0x0000000088c00000, 0x0000000088c00000, 0x0000000088d00000|  0%| F|  |TAMS 0x0000000088c00000| PB 0x0000000088c00000| Untracked |  0
| 141|0x0000000088d00000, 0x0000000088d00000, 0x0000000088e00000|  0%| F|  |TAMS 0x0000000088d00000| PB 0x0000000088d00000| Untracked |  0
| 142|0x0000000088e00000, 0x0000000088e00000, 0x0000000088f00000|  0%| F|  |TAMS 0x0000000088e00000| PB 0x0000000088e00000| Untracked |  0
| 143|0x0000000088f00000, 0x0000000088f00000, 0x0000000089000000|  0%| F|  |TAMS 0x0000000088f00000| PB 0x0000000088f00000| Untracked |  0
| 144|0x0000000089000000, 0x0000000089000000, 0x0000000089100000|  0%| F|  |TAMS 0x0000000089000000| PB 0x0000000089000000| Untracked |  0
| 145|0x0000000089100000, 0x0000000089100000, 0x0000000089200000|  0%| F|  |TAMS 0x0000000089100000| PB 0x0000000089100000| Untracked |  0
| 146|0x0000000089200000, 0x0000000089200000, 0x0000000089300000|  0%| F|  |TAMS 0x0000000089200000| PB 0x0000000089200000| Untracked |  0
| 147|0x0000000089300000, 0x0000000089300000, 0x0000000089400000|  0%| F|  |TAMS 0x0000000089300000| PB 0x0000000089300000| Untracked |  0
| 148|0x0000000089400000, 0x0000000089400000, 0x0000000089500000|  0%| F|  |TAMS 0x0000000089400000| PB 0x0000000089400000| Untracked |  0
| 149|0x0000000089500000, 0x0000000089500000, 0x0000000089600000|  0%| F|  |TAMS 0x0000000089500000| PB 0x0000000089500000| Untracked |  0
| 150|0x0000000089600000, 0x0000000089600000, 0x0000000089700000|  0%| F|  |TAMS 0x0000000089600000| PB 0x0000000089600000| Untracked |  0
| 151|0x0000000089700000, 0x0000000089700000, 0x0000000089800000|  0%| F|  |TAMS 0x0000000089700000| PB 0x0000000089700000| Untracked |  0
| 152|0x0000000089800000, 0x0000000089800000, 0x0000000089900000|  0%| F|  |TAMS 0x0000000089800000| PB 0x0000000089800000| Untracked |  0
| 153|0x0000000089900000, 0x0000000089900000, 0x0000000089a00000|  0%| F|  |TAMS 0x0000000089900000| PB 0x0000000089900000| Untracked |  0
| 154|0x0000000089a00000, 0x0000000089a00000, 0x0000000089b00000|  0%| F|  |TAMS 0x0000000089a00000| PB 0x0000000089a00000| Untracked |  0
| 155|0x0000000089b00000, 0x0000000089b00000, 0x0000000089c00000|  0%| F|  |TAMS 0x0000000089b00000| PB 0x0000000089b00000| Untracked |  0
| 156|0x0000000089c00000, 0x0000000089c00000, 0x0000000089d00000|  0%| F|  |TAMS 0x0000000089c00000| PB 0x0000000089c00000| Untracked |  0
| 157|0x0000000089d00000, 0x0000000089d00000, 0x0000000089e00000|  0%| F|  |TAMS 0x0000000089d00000| PB 0x0000000089d00000| Untracked |  0
| 158|0x0000000089e00000, 0x0000000089e00000, 0x0000000089f00000|  0%| F|  |TAMS 0x0000000089e00000| PB 0x0000000089e00000| Untracked |  0
| 159|0x0000000089f00000, 0x0000000089f00000, 0x000000008a000000|  0%| F|  |TAMS 0x0000000089f00000| PB 0x0000000089f00000| Untracked |  0
| 160|0x000000008a000000, 0x000000008a000000, 0x000000008a100000|  0%| F|  |TAMS 0x000000008a000000| PB 0x000000008a000000| Untracked |  0
| 161|0x000000008a100000, 0x000000008a100000, 0x000000008a200000|  0%| F|  |TAMS 0x000000008a100000| PB 0x000000008a100000| Untracked |  0
| 162|0x000000008a200000, 0x000000008a200000, 0x000000008a300000|  0%| F|  |TAMS 0x000000008a200000| PB 0x000000008a200000| Untracked |  0
| 163|0x000000008a300000, 0x000000008a300000, 0x000000008a400000|  0%| F|  |TAMS 0x000000008a300000| PB 0x000000008a300000| Untracked |  0
| 164|0x000000008a400000, 0x000000008a400000, 0x000000008a500000|  0%| F|  |TAMS 0x000000008a400000| PB 0x000000008a400000| Untracked |  0
| 165|0x000000008a500000, 0x000000008a500000, 0x000000008a600000|  0%| F|  |TAMS 0x000000008a500000| PB 0x000000008a500000| Untracked |  0
| 166|0x000000008a600000, 0x000000008a600000, 0x000000008a700000|  0%| F|  |TAMS 0x000000008a600000| PB 0x000000008a600000| Untracked |  0
| 167|0x000000008a700000, 0x000000008a700000, 0x000000008a800000|  0%| F|  |TAMS 0x000000008a700000| PB 0x000000008a700000| Untracked |  0
| 168|0x000000008a800000, 0x000000008a800000, 0x000000008a900000|  0%| F|  |TAMS 0x000000008a800000| PB 0x000000008a800000| Untracked |  0
| 169|0x000000008a900000, 0x000000008a900000, 0x000000008aa00000|  0%| F|  |TAMS 0x000000008a900000| PB 0x000000008a900000| Untracked |  0
| 170|0x000000008aa00000, 0x000000008aa00000, 0x000000008ab00000|  0%| F|  |TAMS 0x000000008aa00000| PB 0x000000008aa00000| Untracked |  0
| 171|0x000000008ab00000, 0x000000008ab00000, 0x000000008ac00000|  0%| F|  |TAMS 0x000000008ab00000| PB 0x000000008ab00000| Untracked |  0
| 172|0x000000008ac00000, 0x000000008ac00000, 0x000000008ad00000|  0%| F|  |TAMS 0x000000008ac00000| PB 0x000000008ac00000| Untracked |  0
| 173|0x000000008ad00000, 0x000000008ad00000, 0x000000008ae00000|  0%| F|  |TAMS 0x000000008ad00000| PB 0x000000008ad00000| Untracked |  0
| 174|0x000000008ae00000, 0x000000008ae00000, 0x000000008af00000|  0%| F|  |TAMS 0x000000008ae00000| PB 0x000000008ae00000| Untracked |  0
| 175|0x000000008af00000, 0x000000008af00000, 0x000000008b000000|  0%| F|  |TAMS 0x000000008af00000| PB 0x000000008af00000| Untracked |  0
| 176|0x000000008b000000, 0x000000008b000000, 0x000000008b100000|  0%| F|  |TAMS 0x000000008b000000| PB 0x000000008b000000| Untracked |  0
| 177|0x000000008b100000, 0x000000008b100000, 0x000000008b200000|  0%| F|  |TAMS 0x000000008b100000| PB 0x000000008b100000| Untracked |  0
| 178|0x000000008b200000, 0x000000008b200000, 0x000000008b300000|  0%| F|  |TAMS 0x000000008b200000| PB 0x000000008b200000| Untracked |  0
| 179|0x000000008b300000, 0x000000008b300000, 0x000000008b400000|  0%| F|  |TAMS 0x000000008b300000| PB 0x000000008b300000| Untracked |  0
| 180|0x000000008b400000, 0x000000008b400000, 0x000000008b500000|  0%| F|  |TAMS 0x000000008b400000| PB 0x000000008b400000| Untracked |  0
| 181|0x000000008b500000, 0x000000008b500000, 0x000000008b600000|  0%| F|  |TAMS 0x000000008b500000| PB 0x000000008b500000| Untracked |  0
| 182|0x000000008b600000, 0x000000008b600000, 0x000000008b700000|  0%| F|  |TAMS 0x000000008b600000| PB 0x000000008b600000| Untracked |  0
| 183|0x000000008b700000, 0x000000008b700000, 0x000000008b800000|  0%| F|  |TAMS 0x000000008b700000| PB 0x000000008b700000| Untracked |  0
| 184|0x000000008b800000, 0x000000008b800000, 0x000000008b900000|  0%| F|  |TAMS 0x000000008b800000| PB 0x000000008b800000| Untracked |  0
| 185|0x000000008b900000, 0x000000008b900000, 0x000000008ba00000|  0%| F|  |TAMS 0x000000008b900000| PB 0x000000008b900000| Untracked |  0
| 186|0x000000008ba00000, 0x000000008ba00000, 0x000000008bb00000|  0%| F|  |TAMS 0x000000008ba00000| PB 0x000000008ba00000| Untracked |  0
| 187|0x000000008bb00000, 0x000000008bb00000, 0x000000008bc00000|  0%| F|  |TAMS 0x000000008bb00000| PB 0x000000008bb00000| Untracked |  0
| 188|0x000000008bc00000, 0x000000008bc00000, 0x000000008bd00000|  0%| F|  |TAMS 0x000000008bc00000| PB 0x000000008bc00000| Untracked |  0
| 189|0x000000008bd00000, 0x000000008bd00000, 0x000000008be00000|  0%| F|  |TAMS 0x000000008bd00000| PB 0x000000008bd00000| Untracked |  0
| 190|0x000000008be00000, 0x000000008be00000, 0x000000008bf00000|  0%| F|  |TAMS 0x000000008be00000| PB 0x000000008be00000| Untracked |  0
| 191|0x000000008bf00000, 0x000000008bf00000, 0x000000008c000000|  0%| F|  |TAMS 0x000000008bf00000| PB 0x000000008bf00000| Untracked |  0
| 192|0x000000008c000000, 0x000000008c000000, 0x000000008c100000|  0%| F|  |TAMS 0x000000008c000000| PB 0x000000008c000000| Untracked |  0
| 193|0x000000008c100000, 0x000000008c100000, 0x000000008c200000|  0%| F|  |TAMS 0x000000008c100000| PB 0x000000008c100000| Untracked |  0
| 194|0x000000008c200000, 0x000000008c200000, 0x000000008c300000|  0%| F|  |TAMS 0x000000008c200000| PB 0x000000008c200000| Untracked |  0
| 195|0x000000008c300000, 0x000000008c300000, 0x000000008c400000|  0%| F|  |TAMS 0x000000008c300000| PB 0x000000008c300000| Untracked |  0
| 196|0x000000008c400000, 0x000000008c400000, 0x000000008c500000|  0%| F|  |TAMS 0x000000008c400000| PB 0x000000008c400000| Untracked |  0
| 197|0x000000008c500000, 0x000000008c500000, 0x000000008c600000|  0%| F|  |TAMS 0x000000008c500000| PB 0x000000008c500000| Untracked |  0
| 198|0x000000008c600000, 0x000000008c600000, 0x000000008c700000|  0%| F|  |TAMS 0x000000008c600000| PB 0x000000008c600000| Untracked |  0
| 199|0x000000008c700000, 0x000000008c700000, 0x000000008c800000|  0%| F|  |TAMS 0x000000008c700000| PB 0x000000008c700000| Untracked |  0
| 200|0x000000008c800000, 0x000000008c800000, 0x000000008c900000|  0%| F|  |TAMS 0x000000008c800000| PB 0x000000008c800000| Untracked |  0
| 201|0x000000008c900000, 0x000000008c900000, 0x000000008ca00000|  0%| F|  |TAMS 0x000000008c900000| PB 0x000000008c900000| Untracked |  0
| 202|0x000000008ca00000, 0x000000008ca00000, 0x000000008cb00000|  0%| F|  |TAMS 0x000000008ca00000| PB 0x000000008ca00000| Untracked |  0
| 203|0x000000008cb00000, 0x000000008cb00000, 0x000000008cc00000|  0%| F|  |TAMS 0x000000008cb00000| PB 0x000000008cb00000| Untracked |  0
| 204|0x000000008cc00000, 0x000000008cc00000, 0x000000008cd00000|  0%| F|  |TAMS 0x000000008cc00000| PB 0x000000008cc00000| Untracked |  0
| 205|0x000000008cd00000, 0x000000008cd00000, 0x000000008ce00000|  0%| F|  |TAMS 0x000000008cd00000| PB 0x000000008cd00000| Untracked |  0
| 206|0x000000008ce00000, 0x000000008ce00000, 0x000000008cf00000|  0%| F|  |TAMS 0x000000008ce00000| PB 0x000000008ce00000| Untracked |  0
| 207|0x000000008cf00000, 0x000000008cf00000, 0x000000008d000000|  0%| F|  |TAMS 0x000000008cf00000| PB 0x000000008cf00000| Untracked |  0
| 208|0x000000008d000000, 0x000000008d000000, 0x000000008d100000|  0%| F|  |TAMS 0x000000008d000000| PB 0x000000008d000000| Untracked |  0
| 209|0x000000008d100000, 0x000000008d100000, 0x000000008d200000|  0%| F|  |TAMS 0x000000008d100000| PB 0x000000008d100000| Untracked |  0
| 210|0x000000008d200000, 0x000000008d200000, 0x000000008d300000|  0%| F|  |TAMS 0x000000008d200000| PB 0x000000008d200000| Untracked |  0
| 211|0x000000008d300000, 0x000000008d300000, 0x000000008d400000|  0%| F|  |TAMS 0x000000008d300000| PB 0x000000008d300000| Untracked |  0
| 212|0x000000008d400000, 0x000000008d400000, 0x000000008d500000|  0%| F|  |TAMS 0x000000008d400000| PB 0x000000008d400000| Untracked |  0
| 213|0x000000008d500000, 0x000000008d500000, 0x000000008d600000|  0%| F|  |TAMS 0x000000008d500000| PB 0x000000008d500000| Untracked |  0
| 214|0x000000008d600000, 0x000000008d600000, 0x000000008d700000|  0%| F|  |TAMS 0x000000008d600000| PB 0x000000008d600000| Untracked |  0
| 215|0x000000008d700000, 0x000000008d700000, 0x000000008d800000|  0%| F|  |TAMS 0x000000008d700000| PB 0x000000008d700000| Untracked |  0
| 216|0x000000008d800000, 0x000000008d800000, 0x000000008d900000|  0%| F|  |TAMS 0x000000008d800000| PB 0x000000008d800000| Untracked |  0
| 217|0x000000008d900000, 0x000000008d900000, 0x000000008da00000|  0%| F|  |TAMS 0x000000008d900000| PB 0x000000008d900000| Untracked |  0
| 218|0x000000008da00000, 0x000000008da00000, 0x000000008db00000|  0%| F|  |TAMS 0x000000008da00000| PB 0x000000008da00000| Untracked |  0
| 219|0x000000008db00000, 0x000000008db00000, 0x000000008dc00000|  0%| F|  |TAMS 0x000000008db00000| PB 0x000000008db00000| Untracked |  0
| 220|0x000000008dc00000, 0x000000008dc00000, 0x000000008dd00000|  0%| F|  |TAMS 0x000000008dc00000| PB 0x000000008dc00000| Untracked |  0
| 221|0x000000008dd00000, 0x000000008dd00000, 0x000000008de00000|  0%| F|  |TAMS 0x000000008dd00000| PB 0x000000008dd00000| Untracked |  0
| 222|0x000000008de00000, 0x000000008de00000, 0x000000008df00000|  0%| F|  |TAMS 0x000000008de00000| PB 0x000000008de00000| Untracked |  0
| 223|0x000000008df00000, 0x000000008df00000, 0x000000008e000000|  0%| F|  |TAMS 0x000000008df00000| PB 0x000000008df00000| Untracked |  0
| 224|0x000000008e000000, 0x000000008e000000, 0x000000008e100000|  0%| F|  |TAMS 0x000000008e000000| PB 0x000000008e000000| Untracked |  0
| 225|0x000000008e100000, 0x000000008e100000, 0x000000008e200000|  0%| F|  |TAMS 0x000000008e100000| PB 0x000000008e100000| Untracked |  0
|2033|0x00000000ff100000, 0x00000000ff100000, 0x00000000ff200000|  0%| F|  |TAMS 0x00000000ff100000| PB 0x00000000ff100000| Untracked |  0
|2034|0x00000000ff200000, 0x00000000ff200000, 0x00000000ff300000|  0%| F|  |TAMS 0x00000000ff200000| PB 0x00000000ff200000| Untracked |  0
|2035|0x00000000ff300000, 0x00000000ff400000, 0x00000000ff400000|100%| O|  |TAMS 0x00000000ff300000| PB 0x00000000ff300000| Untracked |  0
|2036|0x00000000ff400000, 0x00000000ff500000, 0x00000000ff500000|100%| O|  |TAMS 0x00000000ff400000| PB 0x00000000ff400000| Untracked |  0
|2037|0x00000000ff500000, 0x00000000ff600000, 0x00000000ff600000|100%| O|  |TAMS 0x00000000ff500000| PB 0x00000000ff500000| Untracked |  0
|2038|0x00000000ff600000, 0x00000000ff700000, 0x00000000ff700000|100%| O|  |TAMS 0x00000000ff600000| PB 0x00000000ff600000| Untracked |  0
|2039|0x00000000ff700000, 0x00000000ff800000, 0x00000000ff800000|100%| O|  |TAMS 0x00000000ff700000| PB 0x00000000ff700000| Untracked |  0
|2040|0x00000000ff800000, 0x00000000ff900000, 0x00000000ff900000|100%| O|  |TAMS 0x00000000ff800000| PB 0x00000000ff800000| Untracked |  0
|2041|0x00000000ff900000, 0x00000000ffa00000, 0x00000000ffa00000|100%| O|  |TAMS 0x00000000ff900000| PB 0x00000000ff900000| Untracked |  0
|2042|0x00000000ffa00000, 0x00000000ffb00000, 0x00000000ffb00000|100%| O|  |TAMS 0x00000000ffa00000| PB 0x00000000ffa00000| Untracked |  0
|2043|0x00000000ffb00000, 0x00000000ffb00000, 0x00000000ffc00000|  0%| F|  |TAMS 0x00000000ffb00000| PB 0x00000000ffb00000| Untracked |  0
|2044|0x00000000ffc00000, 0x00000000ffd00000, 0x00000000ffd00000|100%| O|  |TAMS 0x00000000ffc00000| PB 0x00000000ffc00000| Untracked |  0
|2045|0x00000000ffd00000, 0x00000000ffe00000, 0x00000000ffe00000|100%| O|  |TAMS 0x00000000ffd00000| PB 0x00000000ffd00000| Untracked |  0
|2046|0x00000000ffe00000, 0x00000000fff00000, 0x00000000fff00000|100%| O|  |TAMS 0x00000000ffe00000| PB 0x00000000ffe00000| Untracked |  0
|2047|0x00000000fff00000, 0x0000000100000000, 0x0000000100000000|100%| O|  |TAMS 0x00000000fff00000| PB 0x00000000fff00000| Untracked |  0

Card table byte_map: [0x00000224e25a0000,0x00000224e29a0000] _byte_map_base: 0x00000224e21a0000

Marking Bits: (CMBitMap*) 0x00000224cab8e400
 Bits: [0x00000224e29a0000, 0x00000224e49a0000)

Polling page: 0x00000224c8b10000

Metaspace:

Usage:
  Non-class:     52.07 MB used.
      Class:      8.46 MB used.
       Both:     60.53 MB used.

Virtual space:
  Non-class space:       64.00 MB reserved,      53.00 MB ( 83%) committed,  1 nodes.
      Class space:        1.00 GB reserved,       9.31 MB ( <1%) committed,  1 nodes.
             Both:        1.06 GB reserved,      62.31 MB (  6%) committed. 

Chunk freelists:
   Non-Class:  10.09 MB
       Class:  6.50 MB
        Both:  16.59 MB

MaxMetaspaceSize: unlimited
CompressedClassSpaceSize: 1.00 GB
Initial GC threshold: 21.00 MB
Current GC threshold: 103.88 MB
CDS: on
 - commit_granule_bytes: 65536.
 - commit_granule_words: 8192.
 - virtual_space_node_default_size: 8388608.
 - enlarge_chunks_in_place: 1.
 - use_allocation_guard: 0.


Internal statistics:

num_allocs_failed_limit: 6.
num_arena_births: 3154.
num_arena_deaths: 16.
num_vsnodes_births: 2.
num_vsnodes_deaths: 0.
num_space_committed: 997.
num_space_uncommitted: 0.
num_chunks_returned_to_freelist: 39.
num_chunks_taken_from_freelist: 5948.
num_chunk_merges: 9.
num_chunk_splits: 3849.
num_chunks_enlarged: 2400.
num_inconsistent_stats: 0.

CodeHeap 'non-profiled nmethods': size=120000Kb used=8084Kb max_used=8084Kb free=111915Kb
 bounds [0x00000224da940000, 0x00000224db130000, 0x00000224e1e70000]
CodeHeap 'profiled nmethods': size=120000Kb used=17887Kb max_used=18764Kb free=102112Kb
 bounds [0x00000224d2e70000, 0x00000224d40f0000, 0x00000224da3a0000]
CodeHeap 'non-nmethods': size=5760Kb used=3065Kb max_used=3146Kb free=2695Kb
 bounds [0x00000224da3a0000, 0x00000224da6c0000, 0x00000224da940000]
 total_blobs=10935 nmethods=10019 adapters=819
 compilation: enabled
              stopped_count=0, restarted_count=0
 full_count=0

Compilation events (20 events):
Event: 41.311 Thread 0x00000224c7b8cf30 nmethod 12602 0x00000224db122b90 code [0x00000224db122d20, 0x00000224db122e68]
Event: 41.311 Thread 0x00000224e6dbbee0 nmethod 12600 0x00000224db122f10 code [0x00000224db1230a0, 0x00000224db123268]
Event: 41.314 Thread 0x00000224c7b8c860 nmethod 12601 0x00000224db123410 code [0x00000224db1235c0, 0x00000224db123918]
Event: 41.315 Thread 0x00000224c51430a0 12603       3       org.gradle.internal.classpath.generated.InterceptorDeclaration_ConfigCacheJvmBytecode::visitMethodInsn (4679 bytes)
Event: 41.341 Thread 0x00000224c51430a0 nmethod 12603 0x00000224d408cd90 code [0x00000224d40905c0, 0x00000224d40abbe0]
Event: 41.342 Thread 0x00000224c51430a0 12604       3       org.gradle.api.internal.artifacts.transform.TransformWorkspaceIdentity::equals (41 bytes)
Event: 41.342 Thread 0x00000224c51430a0 nmethod 12604 0x00000224d33f9690 code [0x00000224d33f9860, 0x00000224d33f9bd0]
Event: 41.342 Thread 0x00000224c51430a0 12605       3       org.gradle.internal.fingerprint.impl.DefaultCurrentFileCollectionFingerprint::<init> (53 bytes)
Event: 41.342 Thread 0x00000224c51430a0 nmethod 12605 0x00000224d386d890 code [0x00000224d386da60, 0x00000224d386e078]
Event: 41.347 Thread 0x00000224c7b8cf30 12606       4       org.gradle.internal.snapshot.PartialDirectoryNode::withIncompleteChildren (9 bytes)
Event: 41.348 Thread 0x00000224c7b8cf30 nmethod 12606 0x00000224db123b10 code [0x00000224db123ca0, 0x00000224db123d90]
Event: 41.348 Thread 0x00000224c51430a0 12607       3       org.gradle.internal.file.FileHierarchySet$Node::plus (12 bytes)
Event: 41.348 Thread 0x00000224c51430a0 nmethod 12607 0x00000224d3ef9a90 code [0x00000224d3ef9c60, 0x00000224d3ef9ec8]
Event: 41.356 Thread 0x00000224e6dbbee0 12608       4       org.gradle.internal.classpath.generated.InterceptorDeclaration_ConfigCacheJvmBytecode::visitMethodInsn (4679 bytes)
Event: 41.372 Thread 0x00000224c7b8c860 12609       4       java.util.ArrayList::add (65 bytes)
Event: 41.376 Thread 0x00000224c7b8c860 nmethod 12609 0x00000224db123e90 code [0x00000224db124040, 0x00000224db1243e8]
Event: 41.380 Thread 0x00000224c7b8c860 12610       4       org.gradle.internal.classpath.transforms.InstrumentingClassTransform$InstrumentingVisitor$$Lambda/0x000002248192e850::apply (20 bytes)
Event: 41.380 Thread 0x00000224c7b8cf30 12611       4       org.gradle.internal.classpath.generated.InterceptorDeclaration_ConfigCacheJvmBytecode::findBridgeMethodBuilder (4839 bytes)
Event: 41.393 Thread 0x00000224c7b8c860 nmethod 12610 0x00000224db124610 code [0x00000224db124840, 0x00000224db124f90]
Event: 41.393 Thread 0x00000224c7b8c860 12613       4       org.gradle.internal.classpath.transforms.AdhocInterceptors::visitINVOKESTATIC (780 bytes)

GC Heap History (20 events):
Event: 37.806 GC heap after
{Heap after GC invocations=47 (full 0):
 garbage-first heap   total reserved 2097152K, committed 246784K, used 122715K [0x0000000080000000, 0x0000000100000000)
  region size 1024K, 5 young (5120K), 5 survivors (5120K)
 Metaspace       used 61668K, committed 63488K, reserved 1114112K
  class space    used 8656K, committed 9536K, reserved 1048576K
}
Event: 38.312 GC heap before
{Heap before GC invocations=47 (full 0):
 garbage-first heap   total reserved 2097152K, committed 246784K, used 215899K [0x0000000080000000, 0x0000000100000000)
  region size 1024K, 97 young (99328K), 5 survivors (5120K)
 Metaspace       used 61759K, committed 63616K, reserved 1114112K
  class space    used 8657K, committed 9536K, reserved 1048576K
}
Event: 38.318 GC heap after
{Heap after GC invocations=48 (full 0):
 garbage-first heap   total reserved 2097152K, committed 246784K, used 123242K [0x0000000080000000, 0x0000000100000000)
  region size 1024K, 5 young (5120K), 5 survivors (5120K)
 Metaspace       used 61759K, committed 63616K, reserved 1114112K
  class space    used 8657K, committed 9536K, reserved 1048576K
}
Event: 38.583 GC heap before
{Heap before GC invocations=48 (full 0):
 garbage-first heap   total reserved 2097152K, committed 246784K, used 220522K [0x0000000080000000, 0x0000000100000000)
  region size 1024K, 100 young (102400K), 5 survivors (5120K)
 Metaspace       used 61794K, committed 63616K, reserved 1114112K
  class space    used 8657K, committed 9536K, reserved 1048576K
}
Event: 38.588 GC heap after
{Heap after GC invocations=49 (full 0):
 garbage-first heap   total reserved 2097152K, committed 246784K, used 124481K [0x0000000080000000, 0x0000000100000000)
  region size 1024K, 6 young (6144K), 6 survivors (6144K)
 Metaspace       used 61794K, committed 63616K, reserved 1114112K
  class space    used 8657K, committed 9536K, reserved 1048576K
}
Event: 38.999 GC heap before
{Heap before GC invocations=50 (full 0):
 garbage-first heap   total reserved 2097152K, committed 246784K, used 224833K [0x0000000080000000, 0x0000000100000000)
  region size 1024K, 104 young (106496K), 6 survivors (6144K)
 Metaspace       used 61807K, committed 63680K, reserved 1114112K
  class space    used 8657K, committed 9536K, reserved 1048576K
}
Event: 39.004 GC heap after
{Heap after GC invocations=51 (full 0):
 garbage-first heap   total reserved 2097152K, committed 246784K, used 124543K [0x0000000080000000, 0x0000000100000000)
  region size 1024K, 6 young (6144K), 6 survivors (6144K)
 Metaspace       used 61807K, committed 63680K, reserved 1114112K
  class space    used 8657K, committed 9536K, reserved 1048576K
}
Event: 39.473 GC heap before
{Heap before GC invocations=51 (full 0):
 garbage-first heap   total reserved 2097152K, committed 246784K, used 226943K [0x0000000080000000, 0x0000000100000000)
  region size 1024K, 106 young (108544K), 6 survivors (6144K)
 Metaspace       used 61860K, committed 63680K, reserved 1114112K
  class space    used 8657K, committed 9536K, reserved 1048576K
}
Event: 39.480 GC heap after
{Heap after GC invocations=52 (full 0):
 garbage-first heap   total reserved 2097152K, committed 246784K, used 124914K [0x0000000080000000, 0x0000000100000000)
  region size 1024K, 9 young (9216K), 9 survivors (9216K)
 Metaspace       used 61860K, committed 63680K, reserved 1114112K
  class space    used 8657K, committed 9536K, reserved 1048576K
}
Event: 39.729 GC heap before
{Heap before GC invocations=52 (full 0):
 garbage-first heap   total reserved 2097152K, committed 246784K, used 223218K [0x0000000080000000, 0x0000000100000000)
  region size 1024K, 105 young (107520K), 9 survivors (9216K)
 Metaspace       used 61873K, committed 63744K, reserved 1114112K
  class space    used 8657K, committed 9536K, reserved 1048576K
}
Event: 39.736 GC heap after
{Heap after GC invocations=53 (full 0):
 garbage-first heap   total reserved 2097152K, committed 246784K, used 126098K [0x0000000080000000, 0x0000000100000000)
  region size 1024K, 7 young (7168K), 7 survivors (7168K)
 Metaspace       used 61873K, committed 63744K, reserved 1114112K
  class space    used 8657K, committed 9536K, reserved 1048576K
}
Event: 40.119 GC heap before
{Heap before GC invocations=54 (full 0):
 garbage-first heap   total reserved 2097152K, committed 246784K, used 224402K [0x0000000080000000, 0x0000000100000000)
  region size 1024K, 104 young (106496K), 7 survivors (7168K)
 Metaspace       used 61878K, committed 63744K, reserved 1114112K
  class space    used 8657K, committed 9536K, reserved 1048576K
}
Event: 40.124 GC heap after
{Heap after GC invocations=55 (full 0):
 garbage-first heap   total reserved 2097152K, committed 246784K, used 126124K [0x0000000080000000, 0x0000000100000000)
  region size 1024K, 7 young (7168K), 7 survivors (7168K)
 Metaspace       used 61878K, committed 63744K, reserved 1114112K
  class space    used 8657K, committed 9536K, reserved 1048576K
}
Event: 40.483 GC heap before
{Heap before GC invocations=55 (full 0):
 garbage-first heap   total reserved 2097152K, committed 246784K, used 224428K [0x0000000080000000, 0x0000000100000000)
  region size 1024K, 104 young (106496K), 7 survivors (7168K)
 Metaspace       used 61898K, committed 63744K, reserved 1114112K
  class space    used 8657K, committed 9536K, reserved 1048576K
}
Event: 40.491 GC heap after
{Heap after GC invocations=56 (full 0):
 garbage-first heap   total reserved 2097152K, committed 246784K, used 125981K [0x0000000080000000, 0x0000000100000000)
  region size 1024K, 8 young (8192K), 8 survivors (8192K)
 Metaspace       used 61898K, committed 63744K, reserved 1114112K
  class space    used 8657K, committed 9536K, reserved 1048576K
}
Event: 40.829 GC heap before
{Heap before GC invocations=56 (full 0):
 garbage-first heap   total reserved 2097152K, committed 246784K, used 223261K [0x0000000080000000, 0x0000000100000000)
  region size 1024K, 104 young (106496K), 8 survivors (8192K)
 Metaspace       used 61945K, committed 63744K, reserved 1114112K
  class space    used 8658K, committed 9536K, reserved 1048576K
}
Event: 40.835 GC heap after
{Heap after GC invocations=57 (full 0):
 garbage-first heap   total reserved 2097152K, committed 246784K, used 126521K [0x0000000080000000, 0x0000000100000000)
  region size 1024K, 8 young (8192K), 8 survivors (8192K)
 Metaspace       used 61945K, committed 63744K, reserved 1114112K
  class space    used 8658K, committed 9536K, reserved 1048576K
}
Event: 41.127 GC heap before
{Heap before GC invocations=58 (full 0):
 garbage-first heap   total reserved 2097152K, committed 246784K, used 223801K [0x0000000080000000, 0x0000000100000000)
  region size 1024K, 104 young (106496K), 8 survivors (8192K)
 Metaspace       used 61974K, committed 63808K, reserved 1114112K
  class space    used 8659K, committed 9536K, reserved 1048576K
}
Event: 41.133 GC heap after
{Heap after GC invocations=59 (full 0):
 garbage-first heap   total reserved 2097152K, committed 246784K, used 126725K [0x0000000080000000, 0x0000000100000000)
  region size 1024K, 7 young (7168K), 7 survivors (7168K)
 Metaspace       used 61974K, committed 63808K, reserved 1114112K
  class space    used 8659K, committed 9536K, reserved 1048576K
}
Event: 41.406 GC heap before
{Heap before GC invocations=59 (full 0):
 garbage-first heap   total reserved 2097152K, committed 246784K, used 225029K [0x0000000080000000, 0x0000000100000000)
  region size 1024K, 104 young (106496K), 7 survivors (7168K)
 Metaspace       used 61983K, committed 63808K, reserved 1114112K
  class space    used 8659K, committed 9536K, reserved 1048576K
}

Dll operation events (15 events):
Event: 0.034 Loaded shared library C:\Program Files\Java\jdk-22\bin\java.dll
Event: 0.079 Loaded shared library C:\Program Files\Java\jdk-22\bin\jsvml.dll
Event: 0.147 Loaded shared library C:\Program Files\Java\jdk-22\bin\zip.dll
Event: 0.157 Loaded shared library C:\Program Files\Java\jdk-22\bin\instrument.dll
Event: 0.164 Loaded shared library C:\Program Files\Java\jdk-22\bin\net.dll
Event: 0.170 Loaded shared library C:\Program Files\Java\jdk-22\bin\nio.dll
Event: 0.175 Loaded shared library C:\Program Files\Java\jdk-22\bin\zip.dll
Event: 0.901 Loaded shared library C:\Program Files\Java\jdk-22\bin\jimage.dll
Event: 1.416 Loaded shared library C:\Program Files\Java\jdk-22\bin\verify.dll
Event: 1.594 Loaded shared library C:\Users\alber\.gradle\native\1def1411415f61bf3af743bc5b6707747c0891f09f0c88961ee8f79bc544acac\windows-amd64\native-platform.dll
Event: 1.619 Loaded shared library C:\Users\alber\.gradle\native\0.2.7\x86_64-windows-gnu\gradle-fileevents.dll
Event: 7.129 Loaded shared library C:\Program Files\Java\jdk-22\bin\management.dll
Event: 7.138 Loaded shared library C:\Program Files\Java\jdk-22\bin\management_ext.dll
Event: 7.577 Loaded shared library C:\Program Files\Java\jdk-22\bin\extnet.dll
Event: 8.646 Loaded shared library C:\Program Files\Java\jdk-22\bin\sunmscapi.dll

Deoptimization events (20 events):
Event: 40.969 Thread 0x00000224ea30e170 DEOPT PACKING pc=0x00000224daf37584 sp=0x00000056d5ffac50
Event: 40.969 Thread 0x00000224ea30e170 DEOPT UNPACKING pc=0x00000224da3f7da2 sp=0x00000056d5ffac28 mode 2
Event: 41.047 Thread 0x00000224e8725e70 DEOPT PACKING pc=0x00000224d3160e88 sp=0x00000056d5efad10
Event: 41.048 Thread 0x00000224e8725e70 DEOPT UNPACKING pc=0x00000224da3f88e2 sp=0x00000056d5efa1a8 mode 0
Event: 41.141 Thread 0x00000224ea30e170 Uncommon trap: trap_request=0xffffffc6 fr.pc=0x00000224daae62bc relative=0x000000000000269c
Event: 41.141 Thread 0x00000224ea30e170 Uncommon trap: reason=bimorphic_or_optimized_type_check action=maybe_recompile pc=0x00000224daae62bc method=java.util.HashMap$TreeNode.putTreeVal(Ljava/util/HashMap;[Ljava/util/HashMap$Node;ILjava/lang/Object;Ljava/lang/Object;)Ljava/util/HashMap$TreeNode
Event: 41.141 Thread 0x00000224ea30e170 DEOPT PACKING pc=0x00000224daae62bc sp=0x00000056d5ffb150
Event: 41.141 Thread 0x00000224ea30e170 DEOPT UNPACKING pc=0x00000224da3f7da2 sp=0x00000056d5ffb118 mode 2
Event: 41.199 Thread 0x00000224e8723da0 Uncommon trap: trap_request=0xffffff45 fr.pc=0x00000224daf4dff4 relative=0x0000000000003d54
Event: 41.201 Thread 0x00000224e8723da0 Uncommon trap: reason=unstable_if action=reinterpret pc=0x00000224daf4dff4 method=org.gradle.internal.classpath.transforms.AdhocInterceptors.visitINVOKESTATIC(Lorg/gradle/model/internal/asm/MethodVisitorScope;Ljava/lang/String;Ljava/lang/String;Ljava/lang
Event: 41.202 Thread 0x00000224e8723da0 DEOPT PACKING pc=0x00000224daf4dff4 sp=0x00000056d5afa9b0
Event: 41.202 Thread 0x00000224e8723da0 DEOPT UNPACKING pc=0x00000224da3f7da2 sp=0x00000056d5afa998 mode 2
Event: 41.227 Thread 0x00000224e8723da0 Uncommon trap: trap_request=0xffffffde fr.pc=0x00000224db0b54ac relative=0x00000000000094ec
Event: 41.227 Thread 0x00000224e8723da0 Uncommon trap: reason=class_check action=maybe_recompile pc=0x00000224db0b54ac method=org.objectweb.asm.ClassReader.accept(Lorg/objectweb/asm/ClassVisitor;[Lorg/objectweb/asm/Attribute;I)V @ 828 c2
Event: 41.227 Thread 0x00000224e8723da0 DEOPT PACKING pc=0x00000224db0b54ac sp=0x00000056d5afa5f0
Event: 41.227 Thread 0x00000224e8723da0 DEOPT UNPACKING pc=0x00000224da3f7da2 sp=0x00000056d5afa5f0 mode 2
Event: 41.315 Thread 0x00000224e8725150 Uncommon trap: trap_request=0xffffff45 fr.pc=0x00000224db1019b8 relative=0x0000000000003398
Event: 41.315 Thread 0x00000224e8725150 Uncommon trap: reason=unstable_if action=reinterpret pc=0x00000224db1019b8 method=org.gradle.internal.classpath.generated.InterceptorDeclaration_ConfigCacheJvmBytecode.visitMethodInsn(Lorg/gradle/model/internal/asm/MethodVisitorScope;Ljava/lang/String;ILj
Event: 41.315 Thread 0x00000224e8725150 DEOPT PACKING pc=0x00000224db1019b8 sp=0x00000056d5bfac40
Event: 41.315 Thread 0x00000224e8725150 DEOPT UNPACKING pc=0x00000224da3f7da2 sp=0x00000056d5bfaba0 mode 2

Classes loaded (20 events):
Event: 24.370 Loading class java/util/stream/DistinctOps$1$2
Event: 24.370 Loading class java/util/stream/DistinctOps$1$2 done
Event: 24.460 Loading class sun/reflect/ReflectionFactory
Event: 24.460 Loading class sun/reflect/ReflectionFactory done
Event: 24.460 Loading class sun/reflect/ReflectionFactory$1
Event: 24.460 Loading class sun/reflect/ReflectionFactory$1 done
Event: 24.727 Loading class java/util/zip/ZipFile$ZipEntryIterator
Event: 24.728 Loading class java/util/zip/ZipFile$ZipEntryIterator done
Event: 24.732 Loading class java/util/zip/ZipInputStream
Event: 24.733 Loading class java/util/zip/ZipInputStream done
Event: 35.694 Loading class java/nio/charset/UnsupportedCharsetException
Event: 35.731 Loading class java/nio/charset/UnsupportedCharsetException done
Event: 35.911 Loading class java/util/Collections$UnmodifiableSortedMap
Event: 35.967 Loading class java/util/Collections$UnmodifiableSortedMap done
Event: 35.969 Loading class java/util/zip/Deflater
Event: 36.015 Loading class java/util/zip/Deflater done
Event: 36.151 Loading class java/util/zip/Deflater$DeflaterZStreamRef
Event: 36.152 Loading class java/util/zip/Deflater$DeflaterZStreamRef done
Event: 37.283 Loading class java/nio/StringCharBuffer
Event: 37.324 Loading class java/nio/StringCharBuffer done

Classes unloaded (20 events):
Event: 21.258 Thread 0x00000224e6d95f80 Unloading class 0x00000224816b8000 '_BuildScript_'
Event: 21.258 Thread 0x00000224e6d95f80 Unloading class 0x0000022481694800 '_BuildScript_'
Event: 21.258 Thread 0x00000224e6d95f80 Unloading class 0x0000022481689918 '_BuildScript_$_run_closure1$_closure2'
Event: 21.258 Thread 0x00000224e6d95f80 Unloading class 0x0000022481689530 '_BuildScript_$_run_closure1'
Event: 21.258 Thread 0x00000224e6d95f80 Unloading class 0x0000022481689000 '_BuildScript_'
Event: 21.258 Thread 0x00000224e6d95f80 Unloading class 0x00000224816873e8 '_BuildScript_$_run_closure1$_closure2$_closure4$_closure5'
Event: 21.258 Thread 0x00000224e6d95f80 Unloading class 0x0000022481687000 '_BuildScript_$_run_closure1$_closure2$_closure4'
Event: 21.258 Thread 0x00000224e6d95f80 Unloading class 0x0000022481685c00 '_BuildScript_$_run_closure1$_closure2$_closure3'
Event: 21.258 Thread 0x00000224e6d95f80 Unloading class 0x0000022481686918 '_BuildScript_$_run_closure1$_closure2'
Event: 21.258 Thread 0x00000224e6d95f80 Unloading class 0x0000022481686530 '_BuildScript_$_run_closure1'
Event: 21.258 Thread 0x00000224e6d95f80 Unloading class 0x0000022481686000 '_BuildScript_'
Event: 21.258 Thread 0x00000224e6d95f80 Unloading class 0x00000224816813e8 '_BuildScript_$_run_closure1$_closure2$_closure3$_closure4'
Event: 21.258 Thread 0x00000224e6d95f80 Unloading class 0x0000022481681000 '_BuildScript_$_run_closure1$_closure2$_closure3'
Event: 21.258 Thread 0x00000224e6d95f80 Unloading class 0x0000022481680918 '_BuildScript_$_run_closure1$_closure2'
Event: 21.258 Thread 0x00000224e6d95f80 Unloading class 0x0000022481680530 '_BuildScript_$_run_closure1'
Event: 21.258 Thread 0x00000224e6d95f80 Unloading class 0x0000022481680000 '_BuildScript_'
Event: 25.620 Thread 0x00000224e6d95f80 Unloading class 0x0000022481689000 '_BuildScript_$_run_closure1$_closure3'
Event: 25.620 Thread 0x00000224e6d95f80 Unloading class 0x00000224816813e8 '_BuildScript_$_run_closure1$_closure2'
Event: 25.620 Thread 0x00000224e6d95f80 Unloading class 0x0000022481681000 '_BuildScript_$_run_closure1'
Event: 25.620 Thread 0x00000224e6d95f80 Unloading class 0x0000022481694800 '_BuildScript_'

Classes redefined (0 events):
No events

Internal exceptions (20 events):
Event: 35.295 Thread 0x00000224c6d9f830 Exception <a 'sun/nio/fs/WindowsException'{0x000000008d4fb800}> (0x000000008d4fb800) 
thrown [s\open\src\hotspot\share\prims\jni.cpp, line 520]
Event: 35.380 Thread 0x00000224e8725150 Exception <a 'sun/nio/fs/WindowsException'{0x000000008d262ac0}> (0x000000008d262ac0) 
thrown [s\open\src\hotspot\share\prims\jni.cpp, line 520]
Event: 35.380 Thread 0x00000224ea30e170 Exception <a 'sun/nio/fs/WindowsException'{0x000000008d100c20}> (0x000000008d100c20) 
thrown [s\open\src\hotspot\share\prims\jni.cpp, line 520]
Event: 35.380 Thread 0x00000224e8723da0 Exception <a 'sun/nio/fs/WindowsException'{0x000000008d2e4250}> (0x000000008d2e4250) 
thrown [s\open\src\hotspot\share\prims\jni.cpp, line 520]
Event: 38.149 Thread 0x00000224e87257e0 Exception <a 'sun/nio/fs/WindowsException'{0x000000008c030800}> (0x000000008c030800) 
thrown [s\open\src\hotspot\share\prims\jni.cpp, line 520]
Event: 38.381 Thread 0x00000224e8725e70 Exception <a 'sun/nio/fs/WindowsException'{0x000000008cebd690}> (0x000000008cebd690) 
thrown [s\open\src\hotspot\share\prims\jni.cpp, line 520]
Event: 38.725 Thread 0x00000224c6d9f830 Exception <a 'sun/nio/fs/WindowsException'{0x00000000ff288b08}> (0x00000000ff288b08) 
thrown [s\open\src\hotspot\share\prims\jni.cpp, line 520]
Event: 38.831 Thread 0x00000224e8725e70 Exception <a 'sun/nio/fs/WindowsException'{0x000000008ad65518}> (0x000000008ad65518) 
thrown [s\open\src\hotspot\share\prims\jni.cpp, line 520]
Event: 38.887 Thread 0x00000224ea30c730 Exception <a 'sun/nio/fs/WindowsException'{0x000000008bf06820}> (0x000000008bf06820) 
thrown [s\open\src\hotspot\share\prims\jni.cpp, line 520]
Event: 39.418 Thread 0x00000224c6d9f830 Exception <a 'sun/nio/fs/WindowsException'{0x000000008999d660}> (0x000000008999d660) 
thrown [s\open\src\hotspot\share\prims\jni.cpp, line 520]
Event: 39.435 Thread 0x00000224e8725150 Exception <a 'sun/nio/fs/WindowsException'{0x00000000894b20a0}> (0x00000000894b20a0) 
thrown [s\open\src\hotspot\share\prims\jni.cpp, line 520]
Event: 39.451 Thread 0x00000224e8723710 Exception <a 'sun/nio/fs/WindowsException'{0x0000000088b5c2a8}> (0x0000000088b5c2a8) 
thrown [s\open\src\hotspot\share\prims\jni.cpp, line 520]
Event: 39.514 Thread 0x00000224e8725e70 Exception <a 'sun/nio/fs/WindowsException'{0x000000008dc84a88}> (0x000000008dc84a88) 
thrown [s\open\src\hotspot\share\prims\jni.cpp, line 520]
Event: 39.762 Thread 0x00000224e8725e70 Exception <a 'sun/nio/fs/WindowsException'{0x000000008de71000}> (0x000000008de71000) 
thrown [s\open\src\hotspot\share\prims\jni.cpp, line 520]
Event: 40.032 Thread 0x00000224e87257e0 Exception <a 'sun/nio/fs/WindowsException'{0x00000000899df310}> (0x00000000899df310) 
thrown [s\open\src\hotspot\share\prims\jni.cpp, line 520]
Event: 40.188 Thread 0x00000224ea30c730 Exception <a 'sun/nio/fs/WindowsException'{0x000000008d275088}> (0x000000008d275088) 
thrown [s\open\src\hotspot\share\prims\jni.cpp, line 520]
Event: 40.655 Thread 0x00000224e8725e70 Exception <a 'sun/nio/fs/WindowsException'{0x000000008bc12d10}> (0x000000008bc12d10) 
thrown [s\open\src\hotspot\share\prims\jni.cpp, line 520]
Event: 40.699 Thread 0x00000224c6d9f830 Exception <a 'sun/nio/fs/WindowsException'{0x000000008ac3ec88}> (0x000000008ac3ec88) 
thrown [s\open\src\hotspot\share\prims\jni.cpp, line 520]
Event: 40.951 Thread 0x00000224e8723710 Exception <a 'sun/nio/fs/WindowsException'{0x000000008c154f68}> (0x000000008c154f68) 
thrown [s\open\src\hotspot\share\prims\jni.cpp, line 520]
Event: 41.158 Thread 0x00000224c6d9f830 Exception <a 'sun/nio/fs/WindowsException'{0x000000008e010630}> (0x000000008e010630) 
thrown [s\open\src\hotspot\share\prims\jni.cpp, line 520]

ZGC Phase Switch (0 events):
No events

VM Operations (20 events):
Event: 39.480 Executing VM operation: G1CollectForAllocation (G1 Evacuation Pause) done
Event: 39.729 Executing VM operation: G1CollectForAllocation (G1 Evacuation Pause)
Event: 39.736 Executing VM operation: G1CollectForAllocation (G1 Evacuation Pause) done
Event: 39.910 Executing VM operation: G1PauseRemark
Event: 39.920 Executing VM operation: G1PauseRemark done
Event: 40.005 Executing VM operation: G1PauseCleanup
Event: 40.006 Executing VM operation: G1PauseCleanup done
Event: 40.110 Executing VM operation: G1CollectForAllocation (G1 Evacuation Pause)
Event: 40.124 Executing VM operation: G1CollectForAllocation (G1 Evacuation Pause) done
Event: 40.476 Executing VM operation: G1CollectForAllocation (G1 Evacuation Pause)
Event: 40.491 Executing VM operation: G1CollectForAllocation (G1 Evacuation Pause) done
Event: 40.829 Executing VM operation: G1CollectForAllocation (G1 Evacuation Pause)
Event: 40.835 Executing VM operation: G1CollectForAllocation (G1 Evacuation Pause) done
Event: 41.009 Executing VM operation: G1PauseRemark
Event: 41.026 Executing VM operation: G1PauseRemark done
Event: 41.125 Executing VM operation: G1PauseCleanup
Event: 41.126 Executing VM operation: G1PauseCleanup done
Event: 41.126 Executing VM operation: G1CollectForAllocation (G1 Evacuation Pause)
Event: 41.133 Executing VM operation: G1CollectForAllocation (G1 Evacuation Pause) done
Event: 41.406 Executing VM operation: G1CollectForAllocation (G1 Evacuation Pause)

Memory protections (0 events):
No events

Nmethod flushes (20 events):
Event: 41.025 Thread 0x00000224e6d95f80 flushing  nmethod 0x00000224d3ef1f90
Event: 41.025 Thread 0x00000224e6d95f80 flushing  nmethod 0x00000224d3ef6190
Event: 41.025 Thread 0x00000224e6d95f80 flushing  nmethod 0x00000224d3ef6590
Event: 41.026 Thread 0x00000224e6d95f80 flushing  nmethod 0x00000224d3ef9a90
Event: 41.026 Thread 0x00000224e6d95f80 flushing  nmethod 0x00000224d3efa990
Event: 41.026 Thread 0x00000224e6d95f80 flushing  nmethod 0x00000224d3efad10
Event: 41.026 Thread 0x00000224e6d95f80 flushing  nmethod 0x00000224d3f57b10
Event: 41.026 Thread 0x00000224e6d95f80 flushing  nmethod 0x00000224d3f59e10
Event: 41.026 Thread 0x00000224e6d95f80 flushing  nmethod 0x00000224d3f5bb90
Event: 41.026 Thread 0x00000224e6d95f80 flushing  nmethod 0x00000224d3f88810
Event: 41.026 Thread 0x00000224e6d95f80 flushing  nmethod 0x00000224d3f88c10
Event: 41.026 Thread 0x00000224e6d95f80 flushing  nmethod 0x00000224d3f8af90
Event: 41.026 Thread 0x00000224e6d95f80 flushing  nmethod 0x00000224d314c590
Event: 41.026 Thread 0x00000224e6d95f80 flushing  nmethod 0x00000224d321d010
Event: 41.026 Thread 0x00000224e6d95f80 flushing  nmethod 0x00000224d32d3d10
Event: 41.026 Thread 0x00000224e6d95f80 flushing  nmethod 0x00000224d34cc410
Event: 41.026 Thread 0x00000224e6d95f80 flushing  nmethod 0x00000224d373d890
Event: 41.026 Thread 0x00000224e6d95f80 flushing  nmethod 0x00000224d3bc9910
Event: 41.026 Thread 0x00000224e6d95f80 flushing  nmethod 0x00000224d3d71110
Event: 41.026 Thread 0x00000224e6d95f80 flushing  nmethod 0x00000224d4035510

Events (20 events):
Event: 24.779 Thread 0x00000224c6d9f830 Thread added: 0x00000224e90064c0
Event: 24.795 Thread 0x00000224c6d9f830 Thread added: 0x00000224ea09caf0
Event: 28.247 Thread 0x00000224c7b8d600 Thread exited: 0x00000224c7b8d600
Event: 32.876 Thread 0x00000224c51430a0 Thread added: 0x00000224c7b8c860
Event: 33.692 Thread 0x00000224c6d9f830 Thread added: 0x00000224e8723da0
Event: 33.693 Thread 0x00000224c6d9f830 Thread added: 0x00000224e8725150
Event: 33.693 Thread 0x00000224c6d9f830 Thread added: 0x00000224e8723710
Event: 33.694 Thread 0x00000224c6d9f830 Thread added: 0x00000224e87257e0
Event: 33.694 Thread 0x00000224c6d9f830 Thread added: 0x00000224e8725e70
Event: 33.694 Thread 0x00000224c6d9f830 Thread added: 0x00000224ea30e170
Event: 33.694 Thread 0x00000224c6d9f830 Thread added: 0x00000224ea30c730
Event: 34.190 Thread 0x00000224c51430a0 Thread added: 0x00000224c7b8a650
Event: 34.454 Thread 0x00000224c7b8a650 Thread exited: 0x00000224c7b8a650
Event: 34.581 Thread 0x00000224c7b8c860 Thread exited: 0x00000224c7b8c860
Event: 34.669 Thread 0x00000224e6dbbee0 Thread added: 0x00000224c7b8dcd0
Event: 34.669 Thread 0x00000224e6dbbee0 Thread added: 0x00000224c7b8b3f0
Event: 36.351 Thread 0x00000224c7b8dcd0 Thread exited: 0x00000224c7b8dcd0
Event: 36.351 Thread 0x00000224c7b8b3f0 Thread exited: 0x00000224c7b8b3f0
Event: 37.387 Thread 0x00000224c51430a0 Thread added: 0x00000224c7b8cf30
Event: 37.389 Thread 0x00000224c51430a0 Thread added: 0x00000224c7b8c860


Dynamic libraries:
0x00007ff67a620000 - 0x00007ff67a630000 	C:\Program Files\Java\jdk-22\bin\java.exe
0x00007ffec23e0000 - 0x00007ffec2647000 	C:\WINDOWS\SYSTEM32\ntdll.dll
0x00007ffec0cd0000 - 0x00007ffec0d99000 	C:\WINDOWS\System32\KERNEL32.DLL
0x00007ffebf740000 - 0x00007ffebfb31000 	C:\WINDOWS\System32\KERNELBASE.dll
0x00007ffebbf40000 - 0x00007ffebbfdf000 	C:\WINDOWS\SYSTEM32\apphelp.dll
0x00007ffec0030000 - 0x00007ffec017b000 	C:\WINDOWS\System32\ucrtbase.dll
0x00007ffeaeca0000 - 0x00007ffeaecbb000 	C:\Program Files\Java\jdk-22\bin\VCRUNTIME140.dll
0x00007ffeb9b30000 - 0x00007ffeb9b47000 	C:\Program Files\Java\jdk-22\bin\jli.dll
0x00007ffec1b50000 - 0x00007ffec1d15000 	C:\WINDOWS\System32\USER32.dll
0x00007ffea7980000 - 0x00007ffea7c13000 	C:\WINDOWS\WinSxS\amd64_microsoft.windows.common-controls_6595b64144ccf1df_6.0.26100.8037_none_3e092faae333b53b\COMCTL32.dll
0x00007ffebeea0000 - 0x00007ffebeec7000 	C:\WINDOWS\System32\win32u.dll
0x00007ffec1970000 - 0x00007ffec1a19000 	C:\WINDOWS\System32\msvcrt.dll
0x00007ffec1410000 - 0x00007ffec143b000 	C:\WINDOWS\System32\GDI32.dll
0x00007ffebed70000 - 0x00007ffebee9b000 	C:\WINDOWS\System32\gdi32full.dll
0x00007ffebecc0000 - 0x00007ffebed63000 	C:\WINDOWS\System32\msvcp_win.dll
0x00007ffec13d0000 - 0x00007ffec1401000 	C:\WINDOWS\System32\IMM32.DLL
0x00007ffebbba0000 - 0x00007ffebbbac000 	C:\Program Files\Java\jdk-22\bin\vcruntime140_1.dll
0x00007ffe4cfc0000 - 0x00007ffe4d04e000 	C:\Program Files\Java\jdk-22\bin\msvcp140.dll
0x00007ffe02290000 - 0x00007ffe02fd9000 	C:\Program Files\Java\jdk-22\bin\server\jvm.dll
0x00007ffec1810000 - 0x00007ffec18cb000 	C:\WINDOWS\System32\ADVAPI32.dll
0x00007ffec1a20000 - 0x00007ffec1ac7000 	C:\WINDOWS\System32\sechost.dll
0x00007ffec08f0000 - 0x00007ffec0a08000 	C:\WINDOWS\System32\RPCRT4.dll
0x00007ffec1d20000 - 0x00007ffec1d94000 	C:\WINDOWS\System32\WS2_32.dll
0x00007ffebeb20000 - 0x00007ffebeb7e000 	C:\WINDOWS\SYSTEM32\POWRPROF.dll
0x00007ffebc3c0000 - 0x00007ffebc3f5000 	C:\WINDOWS\SYSTEM32\WINMM.dll
0x00007ffeb1050000 - 0x00007ffeb105b000 	C:\WINDOWS\SYSTEM32\VERSION.dll
0x00007ffebeb00000 - 0x00007ffebeb14000 	C:\WINDOWS\SYSTEM32\UMPDC.dll
0x00007ffebda50000 - 0x00007ffebda6b000 	C:\WINDOWS\SYSTEM32\kernel.appcore.dll
0x00007ffeb9c00000 - 0x00007ffeb9c0a000 	C:\Program Files\Java\jdk-22\bin\jimage.dll
0x00007ffebc100000 - 0x00007ffebc342000 	C:\WINDOWS\SYSTEM32\DBGHELP.DLL
0x00007ffec0df0000 - 0x00007ffec1172000 	C:\WINDOWS\System32\combase.dll
0x00007ffec15e0000 - 0x00007ffec16b7000 	C:\WINDOWS\System32\OLEAUT32.dll
0x00007ffebc350000 - 0x00007ffebc38b000 	C:\WINDOWS\SYSTEM32\dbgcore.DLL
0x00007ffebfec0000 - 0x00007ffebff65000 	C:\WINDOWS\System32\bcryptPrimitives.dll
0x00007ffeaed70000 - 0x00007ffeaed7f000 	C:\Program Files\Java\jdk-22\bin\instrument.dll
0x00007ffeaebd0000 - 0x00007ffeaebee000 	C:\Program Files\Java\jdk-22\bin\java.dll
0x00007ffec0180000 - 0x00007ffec08df000 	C:\WINDOWS\System32\SHELL32.dll
0x00007ffebfcc0000 - 0x00007ffebfe2a000 	C:\WINDOWS\System32\wintypes.dll
0x00007ffec1440000 - 0x00007ffec15d5000 	C:\WINDOWS\System32\ole32.dll
0x00007ffebeed0000 - 0x00007ffebf734000 	C:\WINDOWS\System32\windows.storage.dll
0x00007ffec1210000 - 0x00007ffec1307000 	C:\WINDOWS\System32\SHCORE.dll
0x00007ffec18d0000 - 0x00007ffec1937000 	C:\WINDOWS\System32\shlwapi.dll
0x00007ffebebe0000 - 0x00007ffebec09000 	C:\WINDOWS\SYSTEM32\profapi.dll
0x00007ffe37910000 - 0x00007ffe379e7000 	C:\Program Files\Java\jdk-22\bin\jsvml.dll
0x00007ffeae200000 - 0x00007ffeae217000 	C:\Program Files\Java\jdk-22\bin\zip.dll
0x00007ffeb9ac0000 - 0x00007ffeb9ad0000 	C:\Program Files\Java\jdk-22\bin\net.dll
0x00007ffebdfc0000 - 0x00007ffebe02b000 	C:\WINDOWS\system32\mswsock.dll
0x00007ffeae380000 - 0x00007ffeae396000 	C:\Program Files\Java\jdk-22\bin\nio.dll
0x00007ffeb0400000 - 0x00007ffeb0410000 	C:\Program Files\Java\jdk-22\bin\verify.dll
0x00007ffea4d00000 - 0x00007ffea4d27000 	C:\Users\alber\.gradle\native\1def1411415f61bf3af743bc5b6707747c0891f09f0c88961ee8f79bc544acac\windows-amd64\native-platform.dll
0x00007ffe8bb70000 - 0x00007ffe8bbe8000 	C:\Users\alber\.gradle\native\0.2.7\x86_64-windows-gnu\gradle-fileevents.dll
0x00007ffeaf1a0000 - 0x00007ffeaf1aa000 	C:\Program Files\Java\jdk-22\bin\management.dll
0x00007ffeaf130000 - 0x00007ffeaf13b000 	C:\Program Files\Java\jdk-22\bin\management_ext.dll
0x00007ffec1940000 - 0x00007ffec1948000 	C:\WINDOWS\System32\PSAPI.DLL
0x00007ffebd4d0000 - 0x00007ffebd503000 	C:\WINDOWS\SYSTEM32\IPHLPAPI.DLL
0x00007ffec2390000 - 0x00007ffec239a000 	C:\WINDOWS\System32\NSI.dll
0x00007ffeaeef0000 - 0x00007ffeaeef9000 	C:\Program Files\Java\jdk-22\bin\extnet.dll
0x00007ffebe2a0000 - 0x00007ffebe2bb000 	C:\WINDOWS\SYSTEM32\CRYPTSP.dll
0x00007ffebd9b0000 - 0x00007ffebd9e9000 	C:\WINDOWS\system32\rsaenh.dll
0x00007ffebe070000 - 0x00007ffebe0a2000 	C:\WINDOWS\SYSTEM32\USERENV.dll
0x00007ffebebb0000 - 0x00007ffebebda000 	C:\WINDOWS\SYSTEM32\bcrypt.dll
0x00007ffebe2c0000 - 0x00007ffebe2cc000 	C:\WINDOWS\SYSTEM32\CRYPTBASE.dll
0x00007ffeac5c0000 - 0x00007ffeac5ce000 	C:\Program Files\Java\jdk-22\bin\sunmscapi.dll
0x00007ffebfb40000 - 0x00007ffebfcb7000 	C:\WINDOWS\System32\CRYPT32.dll
0x00007ffebe4c0000 - 0x00007ffebe4f0000 	C:\WINDOWS\SYSTEM32\ncrypt.dll
0x00007ffebe470000 - 0x00007ffebe4af000 	C:\WINDOWS\SYSTEM32\NTASN1.dll
0x00007ffea7430000 - 0x00007ffea7438000 	C:\WINDOWS\system32\wshunix.dll

dbghelp: loaded successfully - version: 4.0.5 - missing functions: none
symbol engine: initialized successfully - sym options: 0x614 - pdb path: .;C:\Program Files\Java\jdk-22\bin;C:\WINDOWS\SYSTEM32;C:\WINDOWS\WinSxS\amd64_microsoft.windows.common-controls_6595b64144ccf1df_6.0.26100.8037_none_3e092faae333b53b;C:\Program Files\Java\jdk-22\bin\server;C:\Users\alber\.gradle\native\1def1411415f61bf3af743bc5b6707747c0891f09f0c88961ee8f79bc544acac\windows-amd64;C:\Users\alber\.gradle\native\0.2.7\x86_64-windows-gnu

VM Arguments:
jvm_args: --add-opens=java.base/java.lang=ALL-UNNAMED --add-opens=java.base/java.lang.invoke=ALL-UNNAMED --add-opens=java.base/java.util=ALL-UNNAMED --add-opens=java.prefs/java.util.prefs=ALL-UNNAMED --add-exports=jdk.compiler/com.sun.tools.javac.api=ALL-UNNAMED --add-exports=jdk.compiler/com.sun.tools.javac.util=ALL-UNNAMED --add-opens=java.base/java.util=ALL-UNNAMED --add-opens=java.prefs/java.util.prefs=ALL-UNNAMED --add-opens=java.base/java.nio.charset=ALL-UNNAMED --add-opens=java.base/java.net=ALL-UNNAMED --add-opens=java.base/java.util.concurrent.atomic=ALL-UNNAMED --add-opens=java.xml/javax.xml.namespace=ALL-UNNAMED -XX:+HeapDumpOnOutOfMemoryError --add-exports=jdk.compiler/com.sun.tools.javac.api=ALL-UNNAMED --add-exports=jdk.compiler/com.sun.tools.javac.file=ALL-UNNAMED --add-exports=jdk.compiler/com.sun.tools.javac.parser=ALL-UNNAMED --add-exports=jdk.compiler/com.sun.tools.javac.tree=ALL-UNNAMED --add-exports=jdk.compiler/com.sun.tools.javac.util=ALL-UNNAMED -Xmx2048m -Dfile.encoding=UTF-8A -Duser.country=MX -Duser.language=es -Duser.variant -javaagent:C:\Users\alber\.gradle\wrapper\dists\gradle-8.13-bin\5xuhj0ry160q40clulazy9h7d\gradle-8.13\lib\agents\gradle-instrumentation-agent-8.13.jar 
java_command: org.gradle.launcher.daemon.bootstrap.GradleDaemon 8.13
java_class_path (initial): C:\Users\alber\.gradle\wrapper\dists\gradle-8.13-bin\5xuhj0ry160q40clulazy9h7d\gradle-8.13\lib\gradle-daemon-main-8.13.jar
Launcher Type: SUN_STANDARD

[Global flags]
     intx CICompilerCount                          = 4                                         {product} {ergonomic}
     uint ConcGCThreads                            = 2                                         {product} {ergonomic}
     uint G1ConcRefinementThreads                  = 8                                         {product} {ergonomic}
   size_t G1HeapRegionSize                         = 1048576                                   {product} {ergonomic}
     bool HeapDumpOnOutOfMemoryError               = true                                   {manageable} {command line}
   size_t InitialHeapSize                          = 132120576                                 {product} {ergonomic}
   size_t MarkStackSize                            = 4194304                                   {product} {ergonomic}
   size_t MaxHeapSize                              = 2147483648                                {product} {command line}
   size_t MaxNewSize                               = 1287651328                                {product} {ergonomic}
   size_t MinHeapDeltaBytes                        = 1048576                                   {product} {ergonomic}
   size_t MinHeapSize                              = 8388608                                   {product} {ergonomic}
    uintx NonNMethodCodeHeapSize                   = 5839372                                {pd product} {ergonomic}
    uintx NonProfiledCodeHeapSize                  = 122909434                              {pd product} {ergonomic}
    uintx ProfiledCodeHeapSize                     = 122909434                              {pd product} {ergonomic}
    uintx ReservedCodeCacheSize                    = 251658240                              {pd product} {ergonomic}
     bool SegmentedCodeCache                       = true                                      {product} {ergonomic}
   size_t SoftMaxHeapSize                          = 2147483648                             {manageable} {ergonomic}
     bool UseCompressedOops                        = true                           {product lp64_product} {ergonomic}
     bool UseG1GC                                  = true                                      {product} {ergonomic}
     bool UseLargePagesIndividualAllocation        = false                                  {pd product} {ergonomic}

Logging:
Log output configuration:
 #0: stdout all=warning uptime,level,tags foldmultilines=false
 #1: stderr all=off uptime,level,tags foldmultilines=false

Environment Variables:
PATH="C:\Users\alber\AppData\Local\Programs\Opera GX";C:\Python314\Scripts\;C:\Python314\;C:\Program Files\Common Files\Oracle\Java\javapath;C:\Program Files (x86)\Common Files\Oracle\Java\javapath;C:\WINDOWS\system32;C:\WINDOWS;C:\WINDOWS\System32\Wbem;C:\WINDOWS\System32\WindowsPowerShell\v1.0\;C:\WINDOWS\System32\OpenSSH\;C:\Program Files\Git\cmd;C:\Program Files\MySQL\MySQL Router 8.0\bin;C:\Program Files\MySQL\MySQL Shell 8.0\bin;C:\Program Files\MySQL\MySQL Server 8.0\bin;C:\ProgramData\chocolatey\bin;C:\Program Files\nodejs\;C:\Users\alber\.console-ninja\.bin;C:\Users\alber\AppData\Local\Microsoft\WindowsApps;C:\Users\alber\AppData\Local\Programs\Microsoft VS Code\bin;C:\Program Files\JetBrains\CLion 2023.3.3\bin;;C:\Users\alber\AppData\Local\GitHubDesktop\bin;C:\Users\alber\AppData\Local\Microsoft\WindowsApps;C:\Program Files\MySQL\MySQL Server 8.0\bin;C:\Users\alber\AppData\Local\Programs\Windsurf\bin;C:\Users\alber\AppData\Roaming\npm;C:\Users\alber\AppData\Local\Apps\clojure\
USERNAME=alber
OS=Windows_NT
PROCESSOR_IDENTIFIER=Intel64 Family 6 Model 140 Stepping 1, GenuineIntel
TMP=C:\Users\alber\AppData\Local\Temp
TEMP=C:\Users\alber\AppData\Local\Temp




Periodic native trim disabled

---------------  S Y S T E M  ---------------

OS:
 Windows 11 , 64 bit Build 26100 (10.0.26100.7920)
OS uptime: 12 days 5:05 hours
Hyper-V role detected

CPU: total 8 (initial active 8) (4 cores per cpu, 2 threads per core) family 6 model 140 stepping 1 microcode 0x9a, cx8, cmov, fxsr, ht, mmx, 3dnowpref, sse, sse2, sse3, ssse3, sse4.1, sse4.2, popcnt, lzcnt, tsc, tscinvbit, avx, avx2, aes, erms, clmul, bmi1, bmi2, adx, avx512f, avx512dq, avx512cd, avx512bw, avx512vl, sha, fma, vzeroupper, avx512_vpopcntdq, avx512_vpclmulqdq, avx512_vaes, avx512_vnni, clflush, clflushopt, clwb, avx512_vbmi2, avx512_vbmi, hv, rdtscp, rdpid, fsrm, gfni, avx512_bitalg, f16c, cet_ibt, cet_ss, avx512_ifma
Processor Information for all 8 processors :
  Max Mhz: 2803, Current Mhz: 2803, Mhz Limit: 2803

Memory: 4k page, system-wide physical 7991M (691M free)
TotalPageFile size 32567M (AvailPageFile size 111M)
current process WorkingSet (physical memory assigned to process): 433M, peak: 473M
current process commit charge ("private bytes"): 517M, peak: 900M

vm_info: Java HotSpot(TM) 64-Bit Server VM (22.0.2+9-70) for windows-amd64 JRE (22.0.2+9-70), built on 2024-06-04T16:52:23Z by "mach5one" with MS VC++ 17.6 (VS2022)

END.
